[2024-08-05 17:14:58,204][flwr][INFO] - Starting Flower simulation, config: num_rounds=10, no round_timeout
[2024-08-05 17:15:08,626][flwr][INFO] - Flower VCE: Ray initialized with resources: {'node:127.0.0.1': 1.0, 'memory': 320335872.0, 'CPU': 16.0, 'node:__internal_head__': 1.0, 'object_store_memory': 160167936.0}
[2024-08-05 17:15:08,629][flwr][INFO] - Optimize your simulation with Flower VCE: https://flower.ai/docs/framework/how-to-run-simulations.html
[2024-08-05 17:15:08,630][flwr][INFO] - Flower VCE: Resources for each Virtual Client: {'num_cpus': 2, 'num_gpus': 0}
[2024-08-05 17:15:08,669][flwr][INFO] - Flower VCE: Creating VirtualClientEngineActorPool with 8 actors
[2024-08-05 17:15:08,670][flwr][INFO] - [INIT]
[2024-08-05 17:15:08,671][flwr][INFO] - Requesting initial parameters from one random client
[2024-08-05 17:15:17,421][flwr][INFO] - Received initial parameters from one random client
[2024-08-05 17:15:17,424][flwr][INFO] - Evaluating initial global parameters
[2024-08-05 17:15:26,242][flwr][INFO] - initial parameters (loss, other metrics): 181.38409328460693, {'accuracy': 0.0852, 'precision': 0.06257683108425546, 'recall': 0.0852, 'f1': 0.03753292522993995, 'confusion_matrix': array([[  0,   0,  17,  85, 643,   0,   0,  34, 201,   0],
       [  0,   0,  36, 142, 728,   0,   4, 189,  36,   0],
       [  0,   1,  18, 121, 720,   0,   2,  73,  97,   0],
       [  0,   0,  39, 104, 843,   0,   0,  10,  14,   0],
       [  0,   0,   6, 305, 649,   0,   1,  19,   2,   0],
       [  0,   0,  18, 217, 622,   0,   0,  22,  13,   0],
       [  0,   0,   4, 122, 713,   0,   3,  98,  18,   0],
       [  0,   0,  45, 299, 629,   0,   2,  46,   7,   0],
       [  0,   0,   7,  89, 818,   0,   0,  28,  32,   0],
       [  0,   0,  10, 288, 692,   0,   1,  13,   5,   0]], dtype=int64)}
[2024-08-05 17:15:26,250][flwr][INFO] - 
[2024-08-05 17:15:26,251][flwr][INFO] - [ROUND 1]
[2024-08-05 17:15:26,253][flwr][INFO] - configure_fit: strategy sampled 10 clients (out of 10)
[2024-08-05 17:16:16,505][flwr][INFO] - aggregate_fit: received 10 results and 0 failures
[2024-08-05 17:16:16,515][flwr][WARNING] - No fit_metrics_aggregation_fn provided
[2024-08-05 17:16:26,327][flwr][INFO] - fit progress: (1, 153.60277330875397, {'accuracy': 0.5887, 'precision': 0.7563091498665767, 'recall': 0.5887, 'f1': 0.5700194578289902, 'confusion_matrix': array([[791,   0,  57,   0,   0,  70,   0,   3,  59,   0],
       [  0, 503,  15,   1,   0,   0,   0,   3, 317, 296],
       [  2,   0, 880,   0,   5,   0,   0,  17, 125,   3],
       [  0,   0,  50, 537,   0,   6,   0,  27, 385,   5],
       [  0,   0,  12,   0, 548,   0,   0,  59, 147, 216],
       [  3,   1,  24,   7,   7, 190,   0,  11, 636,  13],
       [  3,   0, 797,   0,   9,   2,  33,   1, 111,   2],
       [  1,   0,  11,   0,   1,   0,   0, 938,  33,  44],
       [  0,   0,  13,   0,   3,   0,   0,  18, 931,   9],
       [  0,   0,   1,   0,   4,   5,   0, 372,  91, 536]], dtype=int64)}, 60.0776731998194)
[2024-08-05 17:16:26,335][flwr][INFO] - configure_evaluate: no clients selected, skipping evaluation
[2024-08-05 17:16:26,336][flwr][INFO] - 
[2024-08-05 17:16:26,337][flwr][INFO] - [ROUND 2]
[2024-08-05 17:16:26,339][flwr][INFO] - configure_fit: strategy sampled 10 clients (out of 10)
[2024-08-05 17:16:56,654][flwr][INFO] - aggregate_fit: received 10 results and 0 failures
[2024-08-05 17:17:04,899][flwr][INFO] - fit progress: (2, 31.64472033083439, {'accuracy': 0.8809, 'precision': 0.8891279809218692, 'recall': 0.8809, 'f1': 0.8731293015028119, 'confusion_matrix': array([[ 961,    0,    1,    1,    0,    4,    7,    4,    2,    0],
       [   0, 1112,    9,    5,    2,    1,    3,    2,    1,    0],
       [  15,    0,  935,   25,   19,    2,    8,   22,    2,    4],
       [   1,    0,   16,  942,    3,   15,    0,   22,    3,    8],
       [   1,    0,    3,    0,  904,    1,   13,    2,    0,   58],
       [  12,    1,    3,   76,   13,  749,   15,   10,    3,   10],
       [  14,    3,    3,    1,   17,   14,  905,    0,    1,    0],
       [   3,    6,   19,    2,    8,    0,    0,  967,    0,   23],
       [   8,    6,   77,  107,   48,  104,   15,   16,  410,  183],
       [   7,    5,    0,   13,   27,   11,    1,   20,    1,  924]],
      dtype=int64)}, 98.64965069992468)
[2024-08-05 17:17:04,910][flwr][INFO] - configure_evaluate: no clients selected, skipping evaluation
[2024-08-05 17:17:04,910][flwr][INFO] - 
[2024-08-05 17:17:04,910][flwr][INFO] - [ROUND 3]
[2024-08-05 17:17:04,917][flwr][INFO] - configure_fit: strategy sampled 10 clients (out of 10)
[2024-08-05 17:17:34,252][flwr][INFO] - aggregate_fit: received 10 results and 0 failures
[2024-08-05 17:17:43,683][flwr][INFO] - fit progress: (3, 24.322077440097928, {'accuracy': 0.9168, 'precision': 0.922101660699479, 'recall': 0.9168, 'f1': 0.9169964089883561, 'confusion_matrix': array([[ 943,    0,    1,    2,    4,    2,   10,    4,   14,    0],
       [   0, 1095,    2,    6,    1,    1,    5,    1,   22,    2],
       [   6,    0,  824,   89,   24,    0,   10,   17,   61,    1],
       [   0,    0,    7,  944,    4,   10,    0,   12,   28,    5],
       [   1,    0,    1,    1,  947,    0,   11,    0,    4,   17],
       [   6,    1,    0,   40,   14,  757,   17,    7,   42,    8],
       [  10,    2,    0,    1,   18,    5,  912,    0,   10,    0],
       [   0,    6,   15,   10,   16,    0,    0,  960,    2,   19],
       [   3,    2,    1,   16,   18,    2,    6,    7,  913,    6],
       [   4,    6,    0,   14,   77,    0,    1,   11,   23,  873]],
      dtype=int64)}, 137.43228750000708)
[2024-08-05 17:17:43,693][flwr][INFO] - configure_evaluate: no clients selected, skipping evaluation
[2024-08-05 17:17:43,695][flwr][INFO] - 
[2024-08-05 17:17:43,696][flwr][INFO] - [ROUND 4]
[2024-08-05 17:17:43,698][flwr][INFO] - configure_fit: strategy sampled 10 clients (out of 10)
