[2024-08-07 09:29:38,863][flwr][INFO] - Starting Flower simulation, config: num_rounds=10, no round_timeout
[2024-08-07 09:29:45,326][flwr][INFO] - Flower VCE: Ray initialized with resources: {'node:127.0.0.1': 1.0, 'object_store_memory': 1142298624.0, 'memory': 2284597248.0, 'CPU': 16.0, 'node:__internal_head__': 1.0}
[2024-08-07 09:29:45,326][flwr][INFO] - Optimize your simulation with Flower VCE: https://flower.ai/docs/framework/how-to-run-simulations.html
[2024-08-07 09:29:45,327][flwr][INFO] - Flower VCE: Resources for each Virtual Client: {'num_cpus': 2, 'num_gpus': 0}
[2024-08-07 09:29:45,350][flwr][INFO] - Flower VCE: Creating VirtualClientEngineActorPool with 8 actors
[2024-08-07 09:29:45,351][flwr][INFO] - [INIT]
[2024-08-07 09:29:45,351][flwr][INFO] - Requesting initial parameters from one random client
[2024-08-07 09:29:49,767][flwr][INFO] - Received initial parameters from one random client
[2024-08-07 09:29:49,768][flwr][INFO] - Evaluating initial global parameters
[2024-08-07 09:29:55,376][flwr][INFO] - initial parameters (loss, other metrics): 0.6931471805599453, {'accuracy': 0.098, 'precision': 0.009604000000000001, 'recall': 0.098, 'f1': 0.017493624772313296, 'confusion_matrix': array([[ 980,    0,    0,    0,    0,    0,    0,    0,    0,    0],
       [1135,    0,    0,    0,    0,    0,    0,    0,    0,    0],
       [1032,    0,    0,    0,    0,    0,    0,    0,    0,    0],
       [1010,    0,    0,    0,    0,    0,    0,    0,    0,    0],
       [ 982,    0,    0,    0,    0,    0,    0,    0,    0,    0],
       [ 892,    0,    0,    0,    0,    0,    0,    0,    0,    0],
       [ 958,    0,    0,    0,    0,    0,    0,    0,    0,    0],
       [1028,    0,    0,    0,    0,    0,    0,    0,    0,    0],
       [ 974,    0,    0,    0,    0,    0,    0,    0,    0,    0],
       [1009,    0,    0,    0,    0,    0,    0,    0,    0,    0]],
      dtype=int64)}
[2024-08-07 09:29:55,379][flwr][INFO] - 
[2024-08-07 09:29:55,380][flwr][INFO] - [ROUND 1]
[2024-08-07 09:29:55,381][flwr][INFO] - configure_fit: strategy sampled 10 clients (out of 10)
[2024-08-07 09:30:04,124][flwr][INFO] - aggregate_fit: received 10 results and 0 failures
[2024-08-07 09:30:04,126][flwr][WARNING] - No fit_metrics_aggregation_fn provided
[2024-08-07 09:30:10,276][flwr][INFO] - fit progress: (1, 0.7182916131213868, {'accuracy': 0.7855, 'precision': 0.8069265998583808, 'recall': 0.7855, 'f1': 0.7752177061900026, 'confusion_matrix': array([[ 908,    0,    6,    7,    0,    1,   41,    4,   13,    0],
       [   0, 1102,    4,    3,    0,    0,    3,    0,   23,    0],
       [  16,  109,  747,   31,   17,    0,   31,   27,   54,    0],
       [   6,   39,   28,  841,    0,    2,   10,   24,   53,    7],
       [   2,   53,    4,    0,  802,    0,   44,    8,    4,   65],
       [  29,  115,    1,  249,   27,  280,   43,   48,   71,   29],
       [  24,   34,   15,    0,    7,    7,  867,    1,    3,    0],
       [   5,   69,   15,    0,    9,    0,    3,  902,   10,   15],
       [  10,   81,    8,   78,    8,    1,   20,   28,  723,   17],
       [  23,   42,    9,   13,   79,    0,    7,  141,   12,  683]],
      dtype=int64)}, 14.896316200000001)
[2024-08-07 09:30:10,280][flwr][INFO] - configure_evaluate: no clients selected, skipping evaluation
[2024-08-07 09:30:10,280][flwr][INFO] - 
[2024-08-07 09:30:10,280][flwr][INFO] - [ROUND 2]
[2024-08-07 09:30:10,281][flwr][INFO] - configure_fit: strategy sampled 10 clients (out of 10)
[2024-08-07 09:30:16,064][flwr][INFO] - aggregate_fit: received 10 results and 0 failures
[2024-08-07 09:30:22,197][flwr][INFO] - fit progress: (2, 0.7182916131213868, {'accuracy': 0.7855, 'precision': 0.8069265998583808, 'recall': 0.7855, 'f1': 0.7752177061900026, 'confusion_matrix': array([[ 908,    0,    6,    7,    0,    1,   41,    4,   13,    0],
       [   0, 1102,    4,    3,    0,    0,    3,    0,   23,    0],
       [  16,  109,  747,   31,   17,    0,   31,   27,   54,    0],
       [   6,   39,   28,  841,    0,    2,   10,   24,   53,    7],
       [   2,   53,    4,    0,  802,    0,   44,    8,    4,   65],
       [  29,  115,    1,  249,   27,  280,   43,   48,   71,   29],
       [  24,   34,   15,    0,    7,    7,  867,    1,    3,    0],
       [   5,   69,   15,    0,    9,    0,    3,  902,   10,   15],
       [  10,   81,    8,   78,    8,    1,   20,   28,  723,   17],
       [  23,   42,    9,   13,   79,    0,    7,  141,   12,  683]],
      dtype=int64)}, 26.817287300000316)
[2024-08-07 09:30:22,202][flwr][INFO] - configure_evaluate: no clients selected, skipping evaluation
[2024-08-07 09:30:22,203][flwr][INFO] - 
[2024-08-07 09:30:22,205][flwr][INFO] - [ROUND 3]
[2024-08-07 09:30:22,206][flwr][INFO] - configure_fit: strategy sampled 10 clients (out of 10)
[2024-08-07 09:30:27,474][flwr][INFO] - aggregate_fit: received 10 results and 0 failures
[2024-08-07 09:30:33,737][flwr][INFO] - fit progress: (3, 0.7182916131213868, {'accuracy': 0.7855, 'precision': 0.8069265998583808, 'recall': 0.7855, 'f1': 0.7752177061900026, 'confusion_matrix': array([[ 908,    0,    6,    7,    0,    1,   41,    4,   13,    0],
       [   0, 1102,    4,    3,    0,    0,    3,    0,   23,    0],
       [  16,  109,  747,   31,   17,    0,   31,   27,   54,    0],
       [   6,   39,   28,  841,    0,    2,   10,   24,   53,    7],
       [   2,   53,    4,    0,  802,    0,   44,    8,    4,   65],
       [  29,  115,    1,  249,   27,  280,   43,   48,   71,   29],
       [  24,   34,   15,    0,    7,    7,  867,    1,    3,    0],
       [   5,   69,   15,    0,    9,    0,    3,  902,   10,   15],
       [  10,   81,    8,   78,    8,    1,   20,   28,  723,   17],
       [  23,   42,    9,   13,   79,    0,    7,  141,   12,  683]],
      dtype=int64)}, 38.35762120000436)
[2024-08-07 09:30:33,743][flwr][INFO] - configure_evaluate: no clients selected, skipping evaluation
[2024-08-07 09:30:33,744][flwr][INFO] - 
[2024-08-07 09:30:33,745][flwr][INFO] - [ROUND 4]
[2024-08-07 09:30:33,746][flwr][INFO] - configure_fit: strategy sampled 10 clients (out of 10)
[2024-08-07 09:30:39,249][flwr][INFO] - aggregate_fit: received 10 results and 0 failures
[2024-08-07 09:30:45,410][flwr][INFO] - fit progress: (4, 0.7182916131213868, {'accuracy': 0.7855, 'precision': 0.8069265998583808, 'recall': 0.7855, 'f1': 0.7752177061900026, 'confusion_matrix': array([[ 908,    0,    6,    7,    0,    1,   41,    4,   13,    0],
       [   0, 1102,    4,    3,    0,    0,    3,    0,   23,    0],
       [  16,  109,  747,   31,   17,    0,   31,   27,   54,    0],
       [   6,   39,   28,  841,    0,    2,   10,   24,   53,    7],
       [   2,   53,    4,    0,  802,    0,   44,    8,    4,   65],
       [  29,  115,    1,  249,   27,  280,   43,   48,   71,   29],
       [  24,   34,   15,    0,    7,    7,  867,    1,    3,    0],
       [   5,   69,   15,    0,    9,    0,    3,  902,   10,   15],
       [  10,   81,    8,   78,    8,    1,   20,   28,  723,   17],
       [  23,   42,    9,   13,   79,    0,    7,  141,   12,  683]],
      dtype=int64)}, 50.03068660000281)
[2024-08-07 09:30:45,414][flwr][INFO] - configure_evaluate: no clients selected, skipping evaluation
[2024-08-07 09:30:45,415][flwr][INFO] - 
[2024-08-07 09:30:45,415][flwr][INFO] - [ROUND 5]
[2024-08-07 09:30:45,416][flwr][INFO] - configure_fit: strategy sampled 10 clients (out of 10)
[2024-08-07 09:30:52,127][flwr][INFO] - aggregate_fit: received 10 results and 0 failures
[2024-08-07 09:31:00,129][flwr][INFO] - fit progress: (5, 0.7182916131213868, {'accuracy': 0.7855, 'precision': 0.8069265998583808, 'recall': 0.7855, 'f1': 0.7752177061900026, 'confusion_matrix': array([[ 908,    0,    6,    7,    0,    1,   41,    4,   13,    0],
       [   0, 1102,    4,    3,    0,    0,    3,    0,   23,    0],
       [  16,  109,  747,   31,   17,    0,   31,   27,   54,    0],
       [   6,   39,   28,  841,    0,    2,   10,   24,   53,    7],
       [   2,   53,    4,    0,  802,    0,   44,    8,    4,   65],
       [  29,  115,    1,  249,   27,  280,   43,   48,   71,   29],
       [  24,   34,   15,    0,    7,    7,  867,    1,    3,    0],
       [   5,   69,   15,    0,    9,    0,    3,  902,   10,   15],
       [  10,   81,    8,   78,    8,    1,   20,   28,  723,   17],
       [  23,   42,    9,   13,   79,    0,    7,  141,   12,  683]],
      dtype=int64)}, 64.74960830000055)
[2024-08-07 09:31:00,134][flwr][INFO] - configure_evaluate: no clients selected, skipping evaluation
[2024-08-07 09:31:00,136][flwr][INFO] - 
[2024-08-07 09:31:00,136][flwr][INFO] - [ROUND 6]
[2024-08-07 09:31:00,138][flwr][INFO] - configure_fit: strategy sampled 10 clients (out of 10)
[2024-08-07 09:31:06,602][flwr][INFO] - aggregate_fit: received 10 results and 0 failures
[2024-08-07 09:31:13,872][flwr][INFO] - fit progress: (6, 0.7182916131213868, {'accuracy': 0.7855, 'precision': 0.8069265998583808, 'recall': 0.7855, 'f1': 0.7752177061900026, 'confusion_matrix': array([[ 908,    0,    6,    7,    0,    1,   41,    4,   13,    0],
       [   0, 1102,    4,    3,    0,    0,    3,    0,   23,    0],
       [  16,  109,  747,   31,   17,    0,   31,   27,   54,    0],
       [   6,   39,   28,  841,    0,    2,   10,   24,   53,    7],
       [   2,   53,    4,    0,  802,    0,   44,    8,    4,   65],
       [  29,  115,    1,  249,   27,  280,   43,   48,   71,   29],
       [  24,   34,   15,    0,    7,    7,  867,    1,    3,    0],
       [   5,   69,   15,    0,    9,    0,    3,  902,   10,   15],
       [  10,   81,    8,   78,    8,    1,   20,   28,  723,   17],
       [  23,   42,    9,   13,   79,    0,    7,  141,   12,  683]],
      dtype=int64)}, 78.49249409999902)
[2024-08-07 09:31:13,879][flwr][INFO] - configure_evaluate: no clients selected, skipping evaluation
[2024-08-07 09:31:13,880][flwr][INFO] - 
[2024-08-07 09:31:13,880][flwr][INFO] - [ROUND 7]
[2024-08-07 09:31:13,882][flwr][INFO] - configure_fit: strategy sampled 10 clients (out of 10)
[2024-08-07 09:31:20,299][flwr][INFO] - aggregate_fit: received 10 results and 0 failures
[2024-08-07 09:31:26,868][flwr][INFO] - fit progress: (7, 0.7182916131213868, {'accuracy': 0.7855, 'precision': 0.8069265998583808, 'recall': 0.7855, 'f1': 0.7752177061900026, 'confusion_matrix': array([[ 908,    0,    6,    7,    0,    1,   41,    4,   13,    0],
       [   0, 1102,    4,    3,    0,    0,    3,    0,   23,    0],
       [  16,  109,  747,   31,   17,    0,   31,   27,   54,    0],
       [   6,   39,   28,  841,    0,    2,   10,   24,   53,    7],
       [   2,   53,    4,    0,  802,    0,   44,    8,    4,   65],
       [  29,  115,    1,  249,   27,  280,   43,   48,   71,   29],
       [  24,   34,   15,    0,    7,    7,  867,    1,    3,    0],
       [   5,   69,   15,    0,    9,    0,    3,  902,   10,   15],
       [  10,   81,    8,   78,    8,    1,   20,   28,  723,   17],
       [  23,   42,    9,   13,   79,    0,    7,  141,   12,  683]],
      dtype=int64)}, 91.48882949999825)
[2024-08-07 09:31:26,872][flwr][INFO] - configure_evaluate: no clients selected, skipping evaluation
[2024-08-07 09:31:26,873][flwr][INFO] - 
[2024-08-07 09:31:26,874][flwr][INFO] - [ROUND 8]
[2024-08-07 09:31:26,876][flwr][INFO] - configure_fit: strategy sampled 10 clients (out of 10)
[2024-08-07 09:31:33,212][flwr][INFO] - aggregate_fit: received 10 results and 0 failures
[2024-08-07 09:31:40,509][flwr][INFO] - fit progress: (8, 0.7182916131213868, {'accuracy': 0.7855, 'precision': 0.8069265998583808, 'recall': 0.7855, 'f1': 0.7752177061900026, 'confusion_matrix': array([[ 908,    0,    6,    7,    0,    1,   41,    4,   13,    0],
       [   0, 1102,    4,    3,    0,    0,    3,    0,   23,    0],
       [  16,  109,  747,   31,   17,    0,   31,   27,   54,    0],
       [   6,   39,   28,  841,    0,    2,   10,   24,   53,    7],
       [   2,   53,    4,    0,  802,    0,   44,    8,    4,   65],
       [  29,  115,    1,  249,   27,  280,   43,   48,   71,   29],
       [  24,   34,   15,    0,    7,    7,  867,    1,    3,    0],
       [   5,   69,   15,    0,    9,    0,    3,  902,   10,   15],
       [  10,   81,    8,   78,    8,    1,   20,   28,  723,   17],
       [  23,   42,    9,   13,   79,    0,    7,  141,   12,  683]],
      dtype=int64)}, 105.12912219999998)
[2024-08-07 09:31:40,515][flwr][INFO] - configure_evaluate: no clients selected, skipping evaluation
[2024-08-07 09:31:40,516][flwr][INFO] - 
[2024-08-07 09:31:40,517][flwr][INFO] - [ROUND 9]
[2024-08-07 09:31:40,519][flwr][INFO] - configure_fit: strategy sampled 10 clients (out of 10)
[2024-08-07 09:31:46,248][flwr][INFO] - aggregate_fit: received 10 results and 0 failures
[2024-08-07 09:31:53,073][flwr][INFO] - fit progress: (9, 0.7182916131213868, {'accuracy': 0.7855, 'precision': 0.8069265998583808, 'recall': 0.7855, 'f1': 0.7752177061900026, 'confusion_matrix': array([[ 908,    0,    6,    7,    0,    1,   41,    4,   13,    0],
       [   0, 1102,    4,    3,    0,    0,    3,    0,   23,    0],
       [  16,  109,  747,   31,   17,    0,   31,   27,   54,    0],
       [   6,   39,   28,  841,    0,    2,   10,   24,   53,    7],
       [   2,   53,    4,    0,  802,    0,   44,    8,    4,   65],
       [  29,  115,    1,  249,   27,  280,   43,   48,   71,   29],
       [  24,   34,   15,    0,    7,    7,  867,    1,    3,    0],
       [   5,   69,   15,    0,    9,    0,    3,  902,   10,   15],
       [  10,   81,    8,   78,    8,    1,   20,   28,  723,   17],
       [  23,   42,    9,   13,   79,    0,    7,  141,   12,  683]],
      dtype=int64)}, 117.69415339999978)
[2024-08-07 09:31:53,082][flwr][INFO] - configure_evaluate: no clients selected, skipping evaluation
[2024-08-07 09:31:53,083][flwr][INFO] - 
[2024-08-07 09:31:53,083][flwr][INFO] - [ROUND 10]
[2024-08-07 09:31:53,084][flwr][INFO] - configure_fit: strategy sampled 10 clients (out of 10)
[2024-08-07 09:31:58,431][flwr][INFO] - aggregate_fit: received 10 results and 0 failures
[2024-08-07 09:32:04,501][flwr][INFO] - fit progress: (10, 0.7182916131213868, {'accuracy': 0.7855, 'precision': 0.8069265998583808, 'recall': 0.7855, 'f1': 0.7752177061900026, 'confusion_matrix': array([[ 908,    0,    6,    7,    0,    1,   41,    4,   13,    0],
       [   0, 1102,    4,    3,    0,    0,    3,    0,   23,    0],
       [  16,  109,  747,   31,   17,    0,   31,   27,   54,    0],
       [   6,   39,   28,  841,    0,    2,   10,   24,   53,    7],
       [   2,   53,    4,    0,  802,    0,   44,    8,    4,   65],
       [  29,  115,    1,  249,   27,  280,   43,   48,   71,   29],
       [  24,   34,   15,    0,    7,    7,  867,    1,    3,    0],
       [   5,   69,   15,    0,    9,    0,    3,  902,   10,   15],
       [  10,   81,    8,   78,    8,    1,   20,   28,  723,   17],
       [  23,   42,    9,   13,   79,    0,    7,  141,   12,  683]],
      dtype=int64)}, 129.12112960000377)
[2024-08-07 09:32:04,504][flwr][INFO] - configure_evaluate: no clients selected, skipping evaluation
[2024-08-07 09:32:04,504][flwr][INFO] - 
[2024-08-07 09:32:04,504][flwr][INFO] - [SUMMARY]
[2024-08-07 09:32:04,506][flwr][INFO] - Run finished 10 round(s) in 129.12s
[2024-08-07 09:32:04,516][flwr][INFO] - 	History (loss, centralized):
[2024-08-07 09:32:04,522][flwr][INFO] - 		round 0: 0.6931471805599453
[2024-08-07 09:32:04,523][flwr][INFO] - 		round 1: 0.7182916131213868
[2024-08-07 09:32:04,523][flwr][INFO] - 		round 2: 0.7182916131213868
[2024-08-07 09:32:04,524][flwr][INFO] - 		round 3: 0.7182916131213868
[2024-08-07 09:32:04,525][flwr][INFO] - 		round 4: 0.7182916131213868
[2024-08-07 09:32:04,525][flwr][INFO] - 		round 5: 0.7182916131213868
[2024-08-07 09:32:04,526][flwr][INFO] - 		round 6: 0.7182916131213868
[2024-08-07 09:32:04,526][flwr][INFO] - 		round 7: 0.7182916131213868
[2024-08-07 09:32:04,527][flwr][INFO] - 		round 8: 0.7182916131213868
[2024-08-07 09:32:04,527][flwr][INFO] - 		round 9: 0.7182916131213868
[2024-08-07 09:32:04,528][flwr][INFO] - 		round 10: 0.7182916131213868
[2024-08-07 09:32:04,528][flwr][INFO] - 	History (metrics, centralized):
[2024-08-07 09:32:04,529][flwr][INFO] - 	{'accuracy': [(0, 0.098),
[2024-08-07 09:32:04,530][flwr][INFO] - 	              (1, 0.7855),
[2024-08-07 09:32:04,530][flwr][INFO] - 	              (2, 0.7855),
[2024-08-07 09:32:04,531][flwr][INFO] - 	              (3, 0.7855),
[2024-08-07 09:32:04,531][flwr][INFO] - 	              (4, 0.7855),
[2024-08-07 09:32:04,532][flwr][INFO] - 	              (5, 0.7855),
[2024-08-07 09:32:04,532][flwr][INFO] - 	              (6, 0.7855),
[2024-08-07 09:32:04,533][flwr][INFO] - 	              (7, 0.7855),
[2024-08-07 09:32:04,533][flwr][INFO] - 	              (8, 0.7855),
[2024-08-07 09:32:04,533][flwr][INFO] - 	              (9, 0.7855),
[2024-08-07 09:32:04,534][flwr][INFO] - 	              (10, 0.7855)],
[2024-08-07 09:32:04,534][flwr][INFO] - 	 'confusion_matrix': [(0,
[2024-08-07 09:32:04,534][flwr][INFO] - 	                       array([[ 980,    0,    0,    0,    0,    0,    0,    0,    0,    0],
[2024-08-07 09:32:04,534][flwr][INFO] - 	       [1135,    0,    0,    0,    0,    0,    0,    0,    0,    0],
[2024-08-07 09:32:04,536][flwr][INFO] - 	       [1032,    0,    0,    0,    0,    0,    0,    0,    0,    0],
[2024-08-07 09:32:04,536][flwr][INFO] - 	       [1010,    0,    0,    0,    0,    0,    0,    0,    0,    0],
[2024-08-07 09:32:04,536][flwr][INFO] - 	       [ 982,    0,    0,    0,    0,    0,    0,    0,    0,    0],
[2024-08-07 09:32:04,537][flwr][INFO] - 	       [ 892,    0,    0,    0,    0,    0,    0,    0,    0,    0],
[2024-08-07 09:32:04,537][flwr][INFO] - 	       [ 958,    0,    0,    0,    0,    0,    0,    0,    0,    0],
[2024-08-07 09:32:04,538][flwr][INFO] - 	       [1028,    0,    0,    0,    0,    0,    0,    0,    0,    0],
[2024-08-07 09:32:04,538][flwr][INFO] - 	       [ 974,    0,    0,    0,    0,    0,    0,    0,    0,    0],
[2024-08-07 09:32:04,539][flwr][INFO] - 	       [1009,    0,    0,    0,    0,    0,    0,    0,    0,    0]],
[2024-08-07 09:32:04,539][flwr][INFO] - 	      dtype=int64)),
[2024-08-07 09:32:04,539][flwr][INFO] - 	                      (1,
[2024-08-07 09:32:04,543][flwr][INFO] - 	                       array([[ 908,    0,    6,    7,    0,    1,   41,    4,   13,    0],
[2024-08-07 09:32:04,544][flwr][INFO] - 	       [   0, 1102,    4,    3,    0,    0,    3,    0,   23,    0],
[2024-08-07 09:32:04,544][flwr][INFO] - 	       [  16,  109,  747,   31,   17,    0,   31,   27,   54,    0],
[2024-08-07 09:32:04,545][flwr][INFO] - 	       [   6,   39,   28,  841,    0,    2,   10,   24,   53,    7],
[2024-08-07 09:32:04,545][flwr][INFO] - 	       [   2,   53,    4,    0,  802,    0,   44,    8,    4,   65],
[2024-08-07 09:32:04,546][flwr][INFO] - 	       [  29,  115,    1,  249,   27,  280,   43,   48,   71,   29],
[2024-08-07 09:32:04,546][flwr][INFO] - 	       [  24,   34,   15,    0,    7,    7,  867,    1,    3,    0],
[2024-08-07 09:32:04,546][flwr][INFO] - 	       [   5,   69,   15,    0,    9,    0,    3,  902,   10,   15],
[2024-08-07 09:32:04,547][flwr][INFO] - 	       [  10,   81,    8,   78,    8,    1,   20,   28,  723,   17],
[2024-08-07 09:32:04,548][flwr][INFO] - 	       [  23,   42,    9,   13,   79,    0,    7,  141,   12,  683]],
[2024-08-07 09:32:04,548][flwr][INFO] - 	      dtype=int64)),
[2024-08-07 09:32:04,549][flwr][INFO] - 	                      (2,
[2024-08-07 09:32:04,550][flwr][INFO] - 	                       array([[ 908,    0,    6,    7,    0,    1,   41,    4,   13,    0],
[2024-08-07 09:32:04,550][flwr][INFO] - 	       [   0, 1102,    4,    3,    0,    0,    3,    0,   23,    0],
[2024-08-07 09:32:04,551][flwr][INFO] - 	       [  16,  109,  747,   31,   17,    0,   31,   27,   54,    0],
[2024-08-07 09:32:04,552][flwr][INFO] - 	       [   6,   39,   28,  841,    0,    2,   10,   24,   53,    7],
[2024-08-07 09:32:04,552][flwr][INFO] - 	       [   2,   53,    4,    0,  802,    0,   44,    8,    4,   65],
[2024-08-07 09:32:04,553][flwr][INFO] - 	       [  29,  115,    1,  249,   27,  280,   43,   48,   71,   29],
[2024-08-07 09:32:04,554][flwr][INFO] - 	       [  24,   34,   15,    0,    7,    7,  867,    1,    3,    0],
[2024-08-07 09:32:04,554][flwr][INFO] - 	       [   5,   69,   15,    0,    9,    0,    3,  902,   10,   15],
[2024-08-07 09:32:04,554][flwr][INFO] - 	       [  10,   81,    8,   78,    8,    1,   20,   28,  723,   17],
[2024-08-07 09:32:04,556][flwr][INFO] - 	       [  23,   42,    9,   13,   79,    0,    7,  141,   12,  683]],
[2024-08-07 09:32:04,556][flwr][INFO] - 	      dtype=int64)),
[2024-08-07 09:32:04,557][flwr][INFO] - 	                      (3,
[2024-08-07 09:32:04,557][flwr][INFO] - 	                       array([[ 908,    0,    6,    7,    0,    1,   41,    4,   13,    0],
[2024-08-07 09:32:04,558][flwr][INFO] - 	       [   0, 1102,    4,    3,    0,    0,    3,    0,   23,    0],
[2024-08-07 09:32:04,558][flwr][INFO] - 	       [  16,  109,  747,   31,   17,    0,   31,   27,   54,    0],
[2024-08-07 09:32:04,559][flwr][INFO] - 	       [   6,   39,   28,  841,    0,    2,   10,   24,   53,    7],
[2024-08-07 09:32:04,559][flwr][INFO] - 	       [   2,   53,    4,    0,  802,    0,   44,    8,    4,   65],
[2024-08-07 09:32:04,560][flwr][INFO] - 	       [  29,  115,    1,  249,   27,  280,   43,   48,   71,   29],
[2024-08-07 09:32:04,560][flwr][INFO] - 	       [  24,   34,   15,    0,    7,    7,  867,    1,    3,    0],
[2024-08-07 09:32:04,561][flwr][INFO] - 	       [   5,   69,   15,    0,    9,    0,    3,  902,   10,   15],
[2024-08-07 09:32:04,561][flwr][INFO] - 	       [  10,   81,    8,   78,    8,    1,   20,   28,  723,   17],
[2024-08-07 09:32:04,561][flwr][INFO] - 	       [  23,   42,    9,   13,   79,    0,    7,  141,   12,  683]],
[2024-08-07 09:32:04,562][flwr][INFO] - 	      dtype=int64)),
[2024-08-07 09:32:04,562][flwr][INFO] - 	                      (4,
[2024-08-07 09:32:04,563][flwr][INFO] - 	                       array([[ 908,    0,    6,    7,    0,    1,   41,    4,   13,    0],
[2024-08-07 09:32:04,564][flwr][INFO] - 	       [   0, 1102,    4,    3,    0,    0,    3,    0,   23,    0],
[2024-08-07 09:32:04,565][flwr][INFO] - 	       [  16,  109,  747,   31,   17,    0,   31,   27,   54,    0],
[2024-08-07 09:32:04,565][flwr][INFO] - 	       [   6,   39,   28,  841,    0,    2,   10,   24,   53,    7],
[2024-08-07 09:32:04,566][flwr][INFO] - 	       [   2,   53,    4,    0,  802,    0,   44,    8,    4,   65],
[2024-08-07 09:32:04,566][flwr][INFO] - 	       [  29,  115,    1,  249,   27,  280,   43,   48,   71,   29],
[2024-08-07 09:32:04,567][flwr][INFO] - 	       [  24,   34,   15,    0,    7,    7,  867,    1,    3,    0],
[2024-08-07 09:32:04,568][flwr][INFO] - 	       [   5,   69,   15,    0,    9,    0,    3,  902,   10,   15],
[2024-08-07 09:32:04,568][flwr][INFO] - 	       [  10,   81,    8,   78,    8,    1,   20,   28,  723,   17],
[2024-08-07 09:32:04,569][flwr][INFO] - 	       [  23,   42,    9,   13,   79,    0,    7,  141,   12,  683]],
[2024-08-07 09:32:04,569][flwr][INFO] - 	      dtype=int64)),
[2024-08-07 09:32:04,570][flwr][INFO] - 	                      (5,
[2024-08-07 09:32:04,570][flwr][INFO] - 	                       array([[ 908,    0,    6,    7,    0,    1,   41,    4,   13,    0],
[2024-08-07 09:32:04,570][flwr][INFO] - 	       [   0, 1102,    4,    3,    0,    0,    3,    0,   23,    0],
[2024-08-07 09:32:04,571][flwr][INFO] - 	       [  16,  109,  747,   31,   17,    0,   31,   27,   54,    0],
[2024-08-07 09:32:04,571][flwr][INFO] - 	       [   6,   39,   28,  841,    0,    2,   10,   24,   53,    7],
[2024-08-07 09:32:04,572][flwr][INFO] - 	       [   2,   53,    4,    0,  802,    0,   44,    8,    4,   65],
[2024-08-07 09:32:04,572][flwr][INFO] - 	       [  29,  115,    1,  249,   27,  280,   43,   48,   71,   29],
[2024-08-07 09:32:04,573][flwr][INFO] - 	       [  24,   34,   15,    0,    7,    7,  867,    1,    3,    0],
[2024-08-07 09:32:04,574][flwr][INFO] - 	       [   5,   69,   15,    0,    9,    0,    3,  902,   10,   15],
[2024-08-07 09:32:04,574][flwr][INFO] - 	       [  10,   81,    8,   78,    8,    1,   20,   28,  723,   17],
[2024-08-07 09:32:04,576][flwr][INFO] - 	       [  23,   42,    9,   13,   79,    0,    7,  141,   12,  683]],
[2024-08-07 09:32:04,576][flwr][INFO] - 	      dtype=int64)),
[2024-08-07 09:32:04,577][flwr][INFO] - 	                      (6,
[2024-08-07 09:32:04,578][flwr][INFO] - 	                       array([[ 908,    0,    6,    7,    0,    1,   41,    4,   13,    0],
[2024-08-07 09:32:04,578][flwr][INFO] - 	       [   0, 1102,    4,    3,    0,    0,    3,    0,   23,    0],
[2024-08-07 09:32:04,578][flwr][INFO] - 	       [  16,  109,  747,   31,   17,    0,   31,   27,   54,    0],
[2024-08-07 09:32:04,579][flwr][INFO] - 	       [   6,   39,   28,  841,    0,    2,   10,   24,   53,    7],
[2024-08-07 09:32:04,579][flwr][INFO] - 	       [   2,   53,    4,    0,  802,    0,   44,    8,    4,   65],
[2024-08-07 09:32:04,580][flwr][INFO] - 	       [  29,  115,    1,  249,   27,  280,   43,   48,   71,   29],
[2024-08-07 09:32:04,580][flwr][INFO] - 	       [  24,   34,   15,    0,    7,    7,  867,    1,    3,    0],
[2024-08-07 09:32:04,580][flwr][INFO] - 	       [   5,   69,   15,    0,    9,    0,    3,  902,   10,   15],
[2024-08-07 09:32:04,581][flwr][INFO] - 	       [  10,   81,    8,   78,    8,    1,   20,   28,  723,   17],
[2024-08-07 09:32:04,581][flwr][INFO] - 	       [  23,   42,    9,   13,   79,    0,    7,  141,   12,  683]],
[2024-08-07 09:32:04,581][flwr][INFO] - 	      dtype=int64)),
[2024-08-07 09:32:04,582][flwr][INFO] - 	                      (7,
[2024-08-07 09:32:04,582][flwr][INFO] - 	                       array([[ 908,    0,    6,    7,    0,    1,   41,    4,   13,    0],
[2024-08-07 09:32:04,583][flwr][INFO] - 	       [   0, 1102,    4,    3,    0,    0,    3,    0,   23,    0],
[2024-08-07 09:32:04,583][flwr][INFO] - 	       [  16,  109,  747,   31,   17,    0,   31,   27,   54,    0],
[2024-08-07 09:32:04,583][flwr][INFO] - 	       [   6,   39,   28,  841,    0,    2,   10,   24,   53,    7],
[2024-08-07 09:32:04,584][flwr][INFO] - 	       [   2,   53,    4,    0,  802,    0,   44,    8,    4,   65],
[2024-08-07 09:32:04,584][flwr][INFO] - 	       [  29,  115,    1,  249,   27,  280,   43,   48,   71,   29],
[2024-08-07 09:32:04,584][flwr][INFO] - 	       [  24,   34,   15,    0,    7,    7,  867,    1,    3,    0],
[2024-08-07 09:32:04,586][flwr][INFO] - 	       [   5,   69,   15,    0,    9,    0,    3,  902,   10,   15],
[2024-08-07 09:32:04,587][flwr][INFO] - 	       [  10,   81,    8,   78,    8,    1,   20,   28,  723,   17],
[2024-08-07 09:32:04,588][flwr][INFO] - 	       [  23,   42,    9,   13,   79,    0,    7,  141,   12,  683]],
[2024-08-07 09:32:04,588][flwr][INFO] - 	      dtype=int64)),
[2024-08-07 09:32:04,588][flwr][INFO] - 	                      (8,
[2024-08-07 09:32:04,588][flwr][INFO] - 	                       array([[ 908,    0,    6,    7,    0,    1,   41,    4,   13,    0],
[2024-08-07 09:32:04,589][flwr][INFO] - 	       [   0, 1102,    4,    3,    0,    0,    3,    0,   23,    0],
[2024-08-07 09:32:04,589][flwr][INFO] - 	       [  16,  109,  747,   31,   17,    0,   31,   27,   54,    0],
[2024-08-07 09:32:04,590][flwr][INFO] - 	       [   6,   39,   28,  841,    0,    2,   10,   24,   53,    7],
[2024-08-07 09:32:04,590][flwr][INFO] - 	       [   2,   53,    4,    0,  802,    0,   44,    8,    4,   65],
[2024-08-07 09:32:04,590][flwr][INFO] - 	       [  29,  115,    1,  249,   27,  280,   43,   48,   71,   29],
[2024-08-07 09:32:04,591][flwr][INFO] - 	       [  24,   34,   15,    0,    7,    7,  867,    1,    3,    0],
[2024-08-07 09:32:04,591][flwr][INFO] - 	       [   5,   69,   15,    0,    9,    0,    3,  902,   10,   15],
[2024-08-07 09:32:04,591][flwr][INFO] - 	       [  10,   81,    8,   78,    8,    1,   20,   28,  723,   17],
[2024-08-07 09:32:04,592][flwr][INFO] - 	       [  23,   42,    9,   13,   79,    0,    7,  141,   12,  683]],
[2024-08-07 09:32:04,592][flwr][INFO] - 	      dtype=int64)),
[2024-08-07 09:32:04,592][flwr][INFO] - 	                      (9,
[2024-08-07 09:32:04,592][flwr][INFO] - 	                       array([[ 908,    0,    6,    7,    0,    1,   41,    4,   13,    0],
[2024-08-07 09:32:04,593][flwr][INFO] - 	       [   0, 1102,    4,    3,    0,    0,    3,    0,   23,    0],
[2024-08-07 09:32:04,593][flwr][INFO] - 	       [  16,  109,  747,   31,   17,    0,   31,   27,   54,    0],
[2024-08-07 09:32:04,593][flwr][INFO] - 	       [   6,   39,   28,  841,    0,    2,   10,   24,   53,    7],
[2024-08-07 09:32:04,594][flwr][INFO] - 	       [   2,   53,    4,    0,  802,    0,   44,    8,    4,   65],
[2024-08-07 09:32:04,594][flwr][INFO] - 	       [  29,  115,    1,  249,   27,  280,   43,   48,   71,   29],
[2024-08-07 09:32:04,594][flwr][INFO] - 	       [  24,   34,   15,    0,    7,    7,  867,    1,    3,    0],
[2024-08-07 09:32:04,594][flwr][INFO] - 	       [   5,   69,   15,    0,    9,    0,    3,  902,   10,   15],
[2024-08-07 09:32:04,594][flwr][INFO] - 	       [  10,   81,    8,   78,    8,    1,   20,   28,  723,   17],
[2024-08-07 09:32:04,596][flwr][INFO] - 	       [  23,   42,    9,   13,   79,    0,    7,  141,   12,  683]],
[2024-08-07 09:32:04,597][flwr][INFO] - 	      dtype=int64)),
[2024-08-07 09:32:04,597][flwr][INFO] - 	                      (10,
[2024-08-07 09:32:04,598][flwr][INFO] - 	                       array([[ 908,    0,    6,    7,    0,    1,   41,    4,   13,    0],
[2024-08-07 09:32:04,599][flwr][INFO] - 	       [   0, 1102,    4,    3,    0,    0,    3,    0,   23,    0],
[2024-08-07 09:32:04,599][flwr][INFO] - 	       [  16,  109,  747,   31,   17,    0,   31,   27,   54,    0],
[2024-08-07 09:32:04,600][flwr][INFO] - 	       [   6,   39,   28,  841,    0,    2,   10,   24,   53,    7],
[2024-08-07 09:32:04,600][flwr][INFO] - 	       [   2,   53,    4,    0,  802,    0,   44,    8,    4,   65],
[2024-08-07 09:32:04,601][flwr][INFO] - 	       [  29,  115,    1,  249,   27,  280,   43,   48,   71,   29],
[2024-08-07 09:32:04,602][flwr][INFO] - 	       [  24,   34,   15,    0,    7,    7,  867,    1,    3,    0],
[2024-08-07 09:32:04,602][flwr][INFO] - 	       [   5,   69,   15,    0,    9,    0,    3,  902,   10,   15],
[2024-08-07 09:32:04,602][flwr][INFO] - 	       [  10,   81,    8,   78,    8,    1,   20,   28,  723,   17],
[2024-08-07 09:32:04,602][flwr][INFO] - 	       [  23,   42,    9,   13,   79,    0,    7,  141,   12,  683]],
[2024-08-07 09:32:04,603][flwr][INFO] - 	      dtype=int64))],
[2024-08-07 09:32:04,603][flwr][INFO] - 	 'f1': [(0, 0.017493624772313296),
[2024-08-07 09:32:04,604][flwr][INFO] - 	        (1, 0.7752177061900026),
[2024-08-07 09:32:04,604][flwr][INFO] - 	        (2, 0.7752177061900026),
[2024-08-07 09:32:04,605][flwr][INFO] - 	        (3, 0.7752177061900026),
[2024-08-07 09:32:04,605][flwr][INFO] - 	        (4, 0.7752177061900026),
[2024-08-07 09:32:04,606][flwr][INFO] - 	        (5, 0.7752177061900026),
[2024-08-07 09:32:04,606][flwr][INFO] - 	        (6, 0.7752177061900026),
[2024-08-07 09:32:04,607][flwr][INFO] - 	        (7, 0.7752177061900026),
[2024-08-07 09:32:04,607][flwr][INFO] - 	        (8, 0.7752177061900026),
[2024-08-07 09:32:04,608][flwr][INFO] - 	        (9, 0.7752177061900026),
[2024-08-07 09:32:04,609][flwr][INFO] - 	        (10, 0.7752177061900026)],
[2024-08-07 09:32:04,609][flwr][INFO] - 	 'precision': [(0, 0.009604000000000001),
[2024-08-07 09:32:04,610][flwr][INFO] - 	               (1, 0.8069265998583808),
[2024-08-07 09:32:04,610][flwr][INFO] - 	               (2, 0.8069265998583808),
[2024-08-07 09:32:04,611][flwr][INFO] - 	               (3, 0.8069265998583808),
[2024-08-07 09:32:04,611][flwr][INFO] - 	               (4, 0.8069265998583808),
[2024-08-07 09:32:04,612][flwr][INFO] - 	               (5, 0.8069265998583808),
[2024-08-07 09:32:04,612][flwr][INFO] - 	               (6, 0.8069265998583808),
[2024-08-07 09:32:04,612][flwr][INFO] - 	               (7, 0.8069265998583808),
[2024-08-07 09:32:04,613][flwr][INFO] - 	               (8, 0.8069265998583808),
[2024-08-07 09:32:04,613][flwr][INFO] - 	               (9, 0.8069265998583808),
[2024-08-07 09:32:04,614][flwr][INFO] - 	               (10, 0.8069265998583808)],
[2024-08-07 09:32:04,614][flwr][INFO] - 	 'recall': [(0, 0.098),
[2024-08-07 09:32:04,614][flwr][INFO] - 	            (1, 0.7855),
[2024-08-07 09:32:04,615][flwr][INFO] - 	            (2, 0.7855),
[2024-08-07 09:32:04,615][flwr][INFO] - 	            (3, 0.7855),
[2024-08-07 09:32:04,616][flwr][INFO] - 	            (4, 0.7855),
[2024-08-07 09:32:04,616][flwr][INFO] - 	            (5, 0.7855),
[2024-08-07 09:32:04,617][flwr][INFO] - 	            (6, 0.7855),
[2024-08-07 09:32:04,617][flwr][INFO] - 	            (7, 0.7855),
[2024-08-07 09:32:04,617][flwr][INFO] - 	            (8, 0.7855),
[2024-08-07 09:32:04,618][flwr][INFO] - 	            (9, 0.7855),
[2024-08-07 09:32:04,619][flwr][INFO] - 	            (10, 0.7855)]}
[2024-08-07 09:32:04,620][flwr][INFO] - 
