[2024-08-05 17:29:06,699][flwr][INFO] - Starting Flower simulation, config: num_rounds=10, no round_timeout
[2024-08-05 17:29:15,569][flwr][INFO] - Flower VCE: Ray initialized with resources: {'object_store_memory': 1160859648.0, 'memory': 2321719296.0, 'node:__internal_head__': 1.0, 'CPU': 16.0, 'node:127.0.0.1': 1.0}
[2024-08-05 17:29:15,570][flwr][INFO] - Optimize your simulation with Flower VCE: https://flower.ai/docs/framework/how-to-run-simulations.html
[2024-08-05 17:29:15,571][flwr][INFO] - Flower VCE: Resources for each Virtual Client: {'num_cpus': 2, 'num_gpus': 0}
[2024-08-05 17:29:15,594][flwr][INFO] - Flower VCE: Creating VirtualClientEngineActorPool with 8 actors
[2024-08-05 17:29:15,597][flwr][INFO] - [INIT]
[2024-08-05 17:29:15,598][flwr][INFO] - Requesting initial parameters from one random client
[2024-08-05 17:29:22,836][flwr][INFO] - Received initial parameters from one random client
[2024-08-05 17:29:22,837][flwr][INFO] - Evaluating initial global parameters
[2024-08-05 17:29:34,222][flwr][INFO] - initial parameters (loss, other metrics): 182.4060182571411, {'accuracy': 0.1161, 'precision': 0.10342842122895522, 'recall': 0.1161, 'f1': 0.058399587867879334, 'confusion_matrix': array([[ 25,   0,  34,   0,   2, 118,   0,   0, 535, 266],
       [ 43,   0,  52,   0,   2,   1,   0,   0, 649, 388],
       [ 38,   0,  25,   0,   2, 136,   6,   0, 647, 178],
       [ 71,   2,  60,   0,   2,  14,   1,   2, 466, 392],
       [ 37,   0,  25,   0,  43,  60,   0,   0, 437, 380],
       [ 21,   0,  76,   0,   1,  16,   2,   1, 399, 376],
       [  0,   0,  17,   0,   1,  29,   0,   0, 802, 109],
       [ 28,   0,  30,   0,   5,   7,   0,   0, 252, 706],
       [157,   0,  74,   0,   5,  65,  10,   0, 387, 276],
       [  7,   0,  42,   0,   4,  34,   0,   0, 257, 665]], dtype=int64)}
[2024-08-05 17:29:34,230][flwr][INFO] - 
[2024-08-05 17:29:34,231][flwr][INFO] - [ROUND 1]
[2024-08-05 17:29:34,234][flwr][INFO] - configure_fit: strategy sampled 10 clients (out of 100)
[2024-08-05 17:30:20,194][flwr][INFO] - aggregate_fit: received 10 results and 0 failures
[2024-08-05 17:30:20,255][flwr][WARNING] - No fit_metrics_aggregation_fn provided
[2024-08-05 17:30:29,933][flwr][INFO] - fit progress: (1, 134.54485654830933, {'accuracy': 0.5525, 'precision': 0.6674620970408682, 'recall': 0.5525, 'f1': 0.5159249059275535, 'confusion_matrix': array([[ 867,   11,    0,    1,   31,    0,   43,    0,   18,    9],
       [   0, 1131,    0,    0,    0,    0,    2,    0,    1,    1],
       [  66,  346,  217,   10,   64,    0,  199,    7,   98,   25],
       [   9,  381,    3,  350,   39,    1,   15,    8,  183,   21],
       [   1,   19,    0,    0,  483,    0,   11,    3,    1,  464],
       [  26,  290,    0,  108,  168,    9,   24,    6,  206,   55],
       [  18,   48,    0,    0,   48,    0,  819,    0,   16,    9],
       [   0,  223,    0,    0,   11,    0,    0,  544,    1,  249],
       [  11,  533,    0,    4,   30,    1,   15,   17,  292,   71],
       [   7,   47,    0,    0,  104,    0,    2,   32,    4,  813]],
      dtype=int64)}, 55.70344810001552)
[2024-08-05 17:30:29,944][flwr][INFO] - configure_evaluate: no clients selected, skipping evaluation
[2024-08-05 17:30:29,945][flwr][INFO] - 
[2024-08-05 17:30:29,946][flwr][INFO] - [ROUND 2]
[2024-08-05 17:30:29,949][flwr][INFO] - configure_fit: strategy sampled 10 clients (out of 100)
[2024-08-05 17:30:53,701][flwr][INFO] - aggregate_fit: received 10 results and 0 failures
[2024-08-05 17:31:03,034][flwr][INFO] - fit progress: (2, 47.68211731314659, {'accuracy': 0.7914, 'precision': 0.8268079831223695, 'recall': 0.7914, 'f1': 0.7828237460918137, 'confusion_matrix': array([[ 882,    0,   15,   16,    1,   24,   39,    1,    2,    0],
       [   0, 1077,   36,    7,    0,    1,    3,    0,   10,    1],
       [   5,   10,  915,   22,   10,    1,   26,   14,   24,    5],
       [   0,    6,   64,  878,    0,    9,    2,   12,   30,    9],
       [   0,    3,   10,    0,  345,    1,   31,    0,    5,  587],
       [   4,   13,   14,  346,    9,  386,   44,    5,   39,   32],
       [   4,    4,   28,    1,    2,    7,  908,    2,    0,    2],
       [   1,   35,   27,    5,    1,    0,    3,  847,    9,  100],
       [   1,   12,   48,   86,    3,   12,   21,    5,  748,   38],
       [   6,    6,    6,   14,    9,   10,    4,   18,    8,  928]],
      dtype=int64)}, 88.80462830001488)
[2024-08-05 17:31:03,042][flwr][INFO] - configure_evaluate: no clients selected, skipping evaluation
[2024-08-05 17:31:03,043][flwr][INFO] - 
[2024-08-05 17:31:03,044][flwr][INFO] - [ROUND 3]
[2024-08-05 17:31:03,045][flwr][INFO] - configure_fit: strategy sampled 10 clients (out of 100)
[2024-08-05 17:31:31,227][flwr][INFO] - aggregate_fit: received 10 results and 0 failures
[2024-08-05 17:31:40,615][flwr][INFO] - fit progress: (3, 35.75890540331602, {'accuracy': 0.8666, 'precision': 0.8781380475587003, 'recall': 0.8666, 'f1': 0.8669195882591053, 'confusion_matrix': array([[ 956,    0,    1,    1,    0,    3,    7,    3,    9,    0],
       [   0, 1079,    5,    7,    0,    1,    3,    0,   38,    2],
       [  14,    7,  876,   27,    9,    1,   13,   18,   51,   16],
       [   6,    2,   28,  885,    1,   18,    3,   18,   38,   11],
       [   1,    1,    5,    0,  719,    0,   11,    1,    6,  238],
       [  20,   15,    5,   93,   14,  607,   15,    4,   89,   30],
       [  19,    4,    5,    0,    8,   18,  884,    2,   17,    1],
       [   4,   17,   20,    1,    3,    0,    1,  858,   10,  114],
       [   7,    5,    9,   21,    7,   16,    8,    7,  865,   29],
       [  10,    5,    4,    8,   13,    7,    0,   13,   12,  937]],
      dtype=int64)}, 126.38571660011075)
[2024-08-05 17:31:40,622][flwr][INFO] - configure_evaluate: no clients selected, skipping evaluation
[2024-08-05 17:31:40,624][flwr][INFO] - 
[2024-08-05 17:31:40,624][flwr][INFO] - [ROUND 4]
[2024-08-05 17:31:40,626][flwr][INFO] - configure_fit: strategy sampled 10 clients (out of 100)
[2024-08-05 17:32:05,227][flwr][INFO] - aggregate_fit: received 10 results and 0 failures
[2024-08-05 17:32:14,491][flwr][INFO] - fit progress: (4, 32.0728235244751, {'accuracy': 0.8867, 'precision': 0.8910023261738909, 'recall': 0.8867, 'f1': 0.8858055394113716, 'confusion_matrix': array([[ 957,    0,    2,    2,    2,    4,   10,    1,    2,    0],
       [   0, 1098,   11,    7,    1,    0,    3,    1,   12,    2],
       [   8,    6,  909,   23,   12,    1,   15,   17,   36,    5],
       [   3,    2,   40,  911,    1,    3,    2,   19,   16,   13],
       [   1,    0,    6,    0,  882,    0,    9,    1,    3,   80],
       [  13,    2,    6,  124,   40,  618,   30,    7,   29,   23],
       [   9,    4,    3,    0,   13,    7,  918,    1,    3,    0],
       [   2,    9,   30,    3,    4,    0,    1,  897,    3,   79],
       [   7,    5,   22,   53,   32,   15,   19,    7,  759,   55],
       [   9,    4,    3,   12,   39,    3,    1,   14,    6,  918]],
      dtype=int64)}, 160.26097829989158)
[2024-08-05 17:32:14,498][flwr][INFO] - configure_evaluate: no clients selected, skipping evaluation
[2024-08-05 17:32:14,499][flwr][INFO] - 
[2024-08-05 17:32:14,500][flwr][INFO] - [ROUND 5]
[2024-08-05 17:32:14,501][flwr][INFO] - configure_fit: strategy sampled 10 clients (out of 100)
[2024-08-05 17:32:37,645][flwr][INFO] - aggregate_fit: received 10 results and 0 failures
[2024-08-05 17:32:46,615][flwr][INFO] - fit progress: (5, 27.999991234391928, {'accuracy': 0.9043, 'precision': 0.9085789150735396, 'recall': 0.9043, 'f1': 0.9049202651497089, 'confusion_matrix': array([[ 949,    0,    2,    1,    1,   10,    9,    1,    7,    0],
       [   0, 1075,    3,   18,    1,    3,    3,    0,   32,    0],
       [   6,    0,  916,   29,   10,    5,   18,    8,   35,    5],
       [   2,    0,   18,  913,    0,   24,    3,    9,   32,    9],
       [   1,    0,    1,    0,  823,    0,   16,    0,   14,  127],
       [   6,    1,    4,   57,   10,  751,   13,    3,   42,    5],
       [   6,    3,    3,    0,    5,   22,  910,    1,    8,    0],
       [   2,    8,   28,   14,    6,    0,    2,  885,   16,   67],
       [   3,    2,    6,   14,    2,   20,   10,    3,  900,   14],
       [   7,    3,    1,    8,   20,   12,    1,    8,   28,  921]],
      dtype=int64)}, 192.3854906000197)
[2024-08-05 17:32:46,625][flwr][INFO] - configure_evaluate: no clients selected, skipping evaluation
[2024-08-05 17:32:46,626][flwr][INFO] - 
[2024-08-05 17:32:46,627][flwr][INFO] - [ROUND 6]
[2024-08-05 17:32:46,629][flwr][INFO] - configure_fit: strategy sampled 10 clients (out of 100)
[2024-08-05 17:33:11,240][flwr][INFO] - aggregate_fit: received 10 results and 0 failures
[2024-08-05 17:33:19,443][flwr][INFO] - fit progress: (6, 27.251226576045156, {'accuracy': 0.9026, 'precision': 0.9073083704672222, 'recall': 0.9026, 'f1': 0.9027092787841421, 'confusion_matrix': array([[ 969,    0,    0,    1,    1,    4,    2,    1,    2,    0],
       [   0, 1102,    5,    6,    1,    1,    3,    0,   16,    1],
       [  12,    3,  905,   31,   11,    3,    8,   21,   32,    6],
       [   6,    1,   19,  933,    0,    7,    0,   14,   18,   12],
       [   1,    1,    3,    1,  808,    2,    9,    0,    4,  153],
       [  16,    2,    6,   80,   14,  697,   17,    6,   32,   22],
       [  27,    3,    3,    0,   16,    9,  890,    2,    8,    0],
       [   4,   10,   22,   14,    3,    0,    1,  918,    0,   56],
       [   9,    2,    9,   23,   15,   10,    8,    5,  860,   33],
       [  12,    4,    0,   14,   13,    2,    0,    9,   11,  944]],
      dtype=int64)}, 225.21296419994906)
[2024-08-05 17:33:19,450][flwr][INFO] - configure_evaluate: no clients selected, skipping evaluation
[2024-08-05 17:33:19,452][flwr][INFO] - 
[2024-08-05 17:33:19,453][flwr][INFO] - [ROUND 7]
[2024-08-05 17:33:19,454][flwr][INFO] - configure_fit: strategy sampled 10 clients (out of 100)
[2024-08-05 17:33:43,008][flwr][INFO] - aggregate_fit: received 10 results and 0 failures
[2024-08-05 17:33:51,179][flwr][INFO] - fit progress: (7, 25.6539089679718, {'accuracy': 0.8976, 'precision': 0.9102759928958348, 'recall': 0.8976, 'f1': 0.8975810131448261, 'confusion_matrix': array([[ 945,    0,    3,    2,    0,   13,    8,    1,    6,    2],
       [   0, 1103,    4,    5,    0,    1,    4,    1,   17,    0],
       [   4,    1,  935,   24,    4,    4,   14,   11,   27,    8],
       [   1,    0,   20,  918,    0,   20,    0,   12,   28,   11],
       [   1,    1,    3,    1,  620,    1,   16,    0,   23,  316],
       [   3,    1,    4,   51,    1,  774,   11,    4,   29,   14],
       [   6,    3,    3,    0,    1,   18,  910,    1,   14,    2],
       [   3,    9,   32,    4,    0,    2,    1,  916,    3,   58],
       [   0,    1,    7,   14,    1,   16,    4,    3,  899,   29],
       [   3,    3,    1,   12,    1,    5,    1,    5,   22,  956]],
      dtype=int64)}, 256.9499558999669)
[2024-08-05 17:33:51,191][flwr][INFO] - configure_evaluate: no clients selected, skipping evaluation
[2024-08-05 17:33:51,191][flwr][INFO] - 
[2024-08-05 17:33:51,193][flwr][INFO] - [ROUND 8]
[2024-08-05 17:33:51,196][flwr][INFO] - configure_fit: strategy sampled 10 clients (out of 100)
[2024-08-05 17:34:13,670][flwr][INFO] - aggregate_fit: received 10 results and 0 failures
[2024-08-05 17:34:22,549][flwr][INFO] - fit progress: (8, 24.25895974598825, {'accuracy': 0.9137, 'precision': 0.9198185908699992, 'recall': 0.9137, 'f1': 0.9145275381774362, 'confusion_matrix': array([[ 950,    1,    3,    1,    1,    7,    7,    2,    8,    0],
       [   0, 1102,    3,    3,    1,    2,    3,    0,   20,    1],
       [   6,    2,  905,   35,   12,    1,    7,   15,   41,    8],
       [   1,    0,   10,  915,    1,   17,    0,   14,   38,   14],
       [   1,    0,    3,    0,  799,    0,   10,    0,   15,  154],
       [   7,    1,    1,   42,    4,  770,   11,    7,   32,   17],
       [   6,    3,    2,    0,    6,   12,  917,    1,   10,    1],
       [   3,    9,   15,    5,    2,    0,    1,  917,    8,   68],
       [   1,    2,    2,   10,    3,    6,    5,    3,  913,   29],
       [   3,    2,    0,   11,   12,    3,    1,    5,   23,  949]],
      dtype=int64)}, 288.3200719000306)
[2024-08-05 17:34:22,556][flwr][INFO] - configure_evaluate: no clients selected, skipping evaluation
[2024-08-05 17:34:22,557][flwr][INFO] - 
[2024-08-05 17:34:22,558][flwr][INFO] - [ROUND 9]
[2024-08-05 17:34:22,560][flwr][INFO] - configure_fit: strategy sampled 10 clients (out of 100)
[2024-08-05 17:34:46,938][flwr][INFO] - aggregate_fit: received 10 results and 0 failures
[2024-08-05 17:34:55,712][flwr][INFO] - fit progress: (9, 23.84992892667651, {'accuracy': 0.9175, 'precision': 0.9219107758914373, 'recall': 0.9175, 'f1': 0.9179540359605511, 'confusion_matrix': array([[ 960,    0,    0,    1,    2,    5,    7,    2,    3,    0],
       [   0, 1106,    3,    2,    1,    0,    3,    0,   19,    1],
       [  16,    2,  880,   38,   10,    2,   11,   21,   43,    9],
       [   2,    0,    8,  924,    0,   18,    1,   14,   34,    9],
       [   1,    0,    2,    2,  855,    0,   10,    0,   13,   99],
       [  12,    1,    0,   32,    6,  766,   16,    6,   42,   11],
       [   8,    3,    1,    0,   12,    6,  911,    1,   16,    0],
       [   5,    8,    5,   22,    2,    0,    0,  916,    4,   66],
       [   6,    1,    3,   12,    5,    5,    5,    4,  911,   22],
       [  12,    2,    0,   10,   10,    1,    1,    5,   22,  946]],
      dtype=int64)}, 321.4819336999208)
[2024-08-05 17:34:55,717][flwr][INFO] - configure_evaluate: no clients selected, skipping evaluation
[2024-08-05 17:34:55,718][flwr][INFO] - 
[2024-08-05 17:34:55,719][flwr][INFO] - [ROUND 10]
[2024-08-05 17:34:55,721][flwr][INFO] - configure_fit: strategy sampled 10 clients (out of 100)
[2024-08-05 17:35:18,810][flwr][INFO] - aggregate_fit: received 10 results and 0 failures
[2024-08-05 17:35:27,340][flwr][INFO] - fit progress: (10, 26.980349833145738, {'accuracy': 0.8962, 'precision': 0.9083144062250783, 'recall': 0.8962, 'f1': 0.8976726088192228, 'confusion_matrix': array([[ 962,    0,    0,    2,    0,    4,    2,    2,    8,    0],
       [   0, 1078,    2,   10,    2,    6,    1,    0,   36,    0],
       [  10,    0,  887,   45,    7,    2,    5,   14,   55,    7],
       [   0,    0,    4,  901,    0,   16,    0,   12,   68,    9],
       [   2,    0,    2,    1,  734,    1,    5,    0,   31,  206],
       [   8,    1,    0,   46,    3,  772,    1,    5,   46,   10],
       [  12,    3,    2,    4,   10,   52,  837,    1,   37,    0],
       [   5,    5,   12,   16,    2,    0,    0,  914,   15,   59],
       [   1,    0,    1,   13,    2,    4,    1,    2,  926,   24],
       [   7,    2,    0,   10,    4,    3,    1,    4,   27,  951]],
      dtype=int64)}, 353.1141150998883)
[2024-08-05 17:35:27,351][flwr][INFO] - configure_evaluate: no clients selected, skipping evaluation
[2024-08-05 17:35:27,353][flwr][INFO] - 
[2024-08-05 17:35:27,356][flwr][INFO] - [SUMMARY]
[2024-08-05 17:35:27,359][flwr][INFO] - Run finished 10 round(s) in 353.12s
[2024-08-05 17:35:27,382][flwr][INFO] - 	History (loss, centralized):
[2024-08-05 17:35:27,427][flwr][INFO] - 		round 0: 182.4060182571411
[2024-08-05 17:35:27,428][flwr][INFO] - 		round 1: 134.54485654830933
[2024-08-05 17:35:27,429][flwr][INFO] - 		round 2: 47.68211731314659
[2024-08-05 17:35:27,431][flwr][INFO] - 		round 3: 35.75890540331602
[2024-08-05 17:35:27,433][flwr][INFO] - 		round 4: 32.0728235244751
[2024-08-05 17:35:27,434][flwr][INFO] - 		round 5: 27.999991234391928
[2024-08-05 17:35:27,436][flwr][INFO] - 		round 6: 27.251226576045156
[2024-08-05 17:35:27,437][flwr][INFO] - 		round 7: 25.6539089679718
[2024-08-05 17:35:27,438][flwr][INFO] - 		round 8: 24.25895974598825
[2024-08-05 17:35:27,439][flwr][INFO] - 		round 9: 23.84992892667651
[2024-08-05 17:35:27,441][flwr][INFO] - 		round 10: 26.980349833145738
[2024-08-05 17:35:27,442][flwr][INFO] - 	History (metrics, centralized):
[2024-08-05 17:35:27,442][flwr][INFO] - 	{'accuracy': [(0, 0.1161),
[2024-08-05 17:35:27,443][flwr][INFO] - 	              (1, 0.5525),
[2024-08-05 17:35:27,444][flwr][INFO] - 	              (2, 0.7914),
[2024-08-05 17:35:27,445][flwr][INFO] - 	              (3, 0.8666),
[2024-08-05 17:35:27,446][flwr][INFO] - 	              (4, 0.8867),
[2024-08-05 17:35:27,447][flwr][INFO] - 	              (5, 0.9043),
[2024-08-05 17:35:27,447][flwr][INFO] - 	              (6, 0.9026),
[2024-08-05 17:35:27,448][flwr][INFO] - 	              (7, 0.8976),
[2024-08-05 17:35:27,448][flwr][INFO] - 	              (8, 0.9137),
[2024-08-05 17:35:27,448][flwr][INFO] - 	              (9, 0.9175),
[2024-08-05 17:35:27,448][flwr][INFO] - 	              (10, 0.8962)],
[2024-08-05 17:35:27,448][flwr][INFO] - 	 'confusion_matrix': [(0,
[2024-08-05 17:35:27,448][flwr][INFO] - 	                       array([[ 25,   0,  34,   0,   2, 118,   0,   0, 535, 266],
[2024-08-05 17:35:27,448][flwr][INFO] - 	       [ 43,   0,  52,   0,   2,   1,   0,   0, 649, 388],
[2024-08-05 17:35:27,448][flwr][INFO] - 	       [ 38,   0,  25,   0,   2, 136,   6,   0, 647, 178],
[2024-08-05 17:35:27,448][flwr][INFO] - 	       [ 71,   2,  60,   0,   2,  14,   1,   2, 466, 392],
[2024-08-05 17:35:27,448][flwr][INFO] - 	       [ 37,   0,  25,   0,  43,  60,   0,   0, 437, 380],
[2024-08-05 17:35:27,448][flwr][INFO] - 	       [ 21,   0,  76,   0,   1,  16,   2,   1, 399, 376],
[2024-08-05 17:35:27,448][flwr][INFO] - 	       [  0,   0,  17,   0,   1,  29,   0,   0, 802, 109],
[2024-08-05 17:35:27,454][flwr][INFO] - 	       [ 28,   0,  30,   0,   5,   7,   0,   0, 252, 706],
[2024-08-05 17:35:27,454][flwr][INFO] - 	       [157,   0,  74,   0,   5,  65,  10,   0, 387, 276],
[2024-08-05 17:35:27,455][flwr][INFO] - 	       [  7,   0,  42,   0,   4,  34,   0,   0, 257, 665]], dtype=int64)),
[2024-08-05 17:35:27,456][flwr][INFO] - 	                      (1,
[2024-08-05 17:35:27,456][flwr][INFO] - 	                       array([[ 867,   11,    0,    1,   31,    0,   43,    0,   18,    9],
[2024-08-05 17:35:27,457][flwr][INFO] - 	       [   0, 1131,    0,    0,    0,    0,    2,    0,    1,    1],
[2024-08-05 17:35:27,457][flwr][INFO] - 	       [  66,  346,  217,   10,   64,    0,  199,    7,   98,   25],
[2024-08-05 17:35:27,458][flwr][INFO] - 	       [   9,  381,    3,  350,   39,    1,   15,    8,  183,   21],
[2024-08-05 17:35:27,458][flwr][INFO] - 	       [   1,   19,    0,    0,  483,    0,   11,    3,    1,  464],
[2024-08-05 17:35:27,458][flwr][INFO] - 	       [  26,  290,    0,  108,  168,    9,   24,    6,  206,   55],
[2024-08-05 17:35:27,458][flwr][INFO] - 	       [  18,   48,    0,    0,   48,    0,  819,    0,   16,    9],
[2024-08-05 17:35:27,458][flwr][INFO] - 	       [   0,  223,    0,    0,   11,    0,    0,  544,    1,  249],
[2024-08-05 17:35:27,458][flwr][INFO] - 	       [  11,  533,    0,    4,   30,    1,   15,   17,  292,   71],
[2024-08-05 17:35:27,458][flwr][INFO] - 	       [   7,   47,    0,    0,  104,    0,    2,   32,    4,  813]],
[2024-08-05 17:35:27,464][flwr][INFO] - 	      dtype=int64)),
[2024-08-05 17:35:27,464][flwr][INFO] - 	                      (2,
[2024-08-05 17:35:27,464][flwr][INFO] - 	                       array([[ 882,    0,   15,   16,    1,   24,   39,    1,    2,    0],
[2024-08-05 17:35:27,465][flwr][INFO] - 	       [   0, 1077,   36,    7,    0,    1,    3,    0,   10,    1],
[2024-08-05 17:35:27,466][flwr][INFO] - 	       [   5,   10,  915,   22,   10,    1,   26,   14,   24,    5],
[2024-08-05 17:35:27,466][flwr][INFO] - 	       [   0,    6,   64,  878,    0,    9,    2,   12,   30,    9],
[2024-08-05 17:35:27,467][flwr][INFO] - 	       [   0,    3,   10,    0,  345,    1,   31,    0,    5,  587],
[2024-08-05 17:35:27,467][flwr][INFO] - 	       [   4,   13,   14,  346,    9,  386,   44,    5,   39,   32],
[2024-08-05 17:35:27,468][flwr][INFO] - 	       [   4,    4,   28,    1,    2,    7,  908,    2,    0,    2],
[2024-08-05 17:35:27,469][flwr][INFO] - 	       [   1,   35,   27,    5,    1,    0,    3,  847,    9,  100],
[2024-08-05 17:35:27,469][flwr][INFO] - 	       [   1,   12,   48,   86,    3,   12,   21,    5,  748,   38],
[2024-08-05 17:35:27,469][flwr][INFO] - 	       [   6,    6,    6,   14,    9,   10,    4,   18,    8,  928]],
[2024-08-05 17:35:27,469][flwr][INFO] - 	      dtype=int64)),
[2024-08-05 17:35:27,469][flwr][INFO] - 	                      (3,
[2024-08-05 17:35:27,469][flwr][INFO] - 	                       array([[ 956,    0,    1,    1,    0,    3,    7,    3,    9,    0],
[2024-08-05 17:35:27,469][flwr][INFO] - 	       [   0, 1079,    5,    7,    0,    1,    3,    0,   38,    2],
[2024-08-05 17:35:27,469][flwr][INFO] - 	       [  14,    7,  876,   27,    9,    1,   13,   18,   51,   16],
[2024-08-05 17:35:27,469][flwr][INFO] - 	       [   6,    2,   28,  885,    1,   18,    3,   18,   38,   11],
[2024-08-05 17:35:27,469][flwr][INFO] - 	       [   1,    1,    5,    0,  719,    0,   11,    1,    6,  238],
[2024-08-05 17:35:27,469][flwr][INFO] - 	       [  20,   15,    5,   93,   14,  607,   15,    4,   89,   30],
[2024-08-05 17:35:27,473][flwr][INFO] - 	       [  19,    4,    5,    0,    8,   18,  884,    2,   17,    1],
[2024-08-05 17:35:27,473][flwr][INFO] - 	       [   4,   17,   20,    1,    3,    0,    1,  858,   10,  114],
[2024-08-05 17:35:27,473][flwr][INFO] - 	       [   7,    5,    9,   21,    7,   16,    8,    7,  865,   29],
[2024-08-05 17:35:27,473][flwr][INFO] - 	       [  10,    5,    4,    8,   13,    7,    0,   13,   12,  937]],
[2024-08-05 17:35:27,473][flwr][INFO] - 	      dtype=int64)),
[2024-08-05 17:35:27,473][flwr][INFO] - 	                      (4,
[2024-08-05 17:35:27,475][flwr][INFO] - 	                       array([[ 957,    0,    2,    2,    2,    4,   10,    1,    2,    0],
[2024-08-05 17:35:27,475][flwr][INFO] - 	       [   0, 1098,   11,    7,    1,    0,    3,    1,   12,    2],
[2024-08-05 17:35:27,475][flwr][INFO] - 	       [   8,    6,  909,   23,   12,    1,   15,   17,   36,    5],
[2024-08-05 17:35:27,476][flwr][INFO] - 	       [   3,    2,   40,  911,    1,    3,    2,   19,   16,   13],
[2024-08-05 17:35:27,476][flwr][INFO] - 	       [   1,    0,    6,    0,  882,    0,    9,    1,    3,   80],
[2024-08-05 17:35:27,477][flwr][INFO] - 	       [  13,    2,    6,  124,   40,  618,   30,    7,   29,   23],
[2024-08-05 17:35:27,477][flwr][INFO] - 	       [   9,    4,    3,    0,   13,    7,  918,    1,    3,    0],
[2024-08-05 17:35:27,478][flwr][INFO] - 	       [   2,    9,   30,    3,    4,    0,    1,  897,    3,   79],
[2024-08-05 17:35:27,478][flwr][INFO] - 	       [   7,    5,   22,   53,   32,   15,   19,    7,  759,   55],
[2024-08-05 17:35:27,478][flwr][INFO] - 	       [   9,    4,    3,   12,   39,    3,    1,   14,    6,  918]],
[2024-08-05 17:35:27,478][flwr][INFO] - 	      dtype=int64)),
[2024-08-05 17:35:27,478][flwr][INFO] - 	                      (5,
[2024-08-05 17:35:27,478][flwr][INFO] - 	                       array([[ 949,    0,    2,    1,    1,   10,    9,    1,    7,    0],
[2024-08-05 17:35:27,478][flwr][INFO] - 	       [   0, 1075,    3,   18,    1,    3,    3,    0,   32,    0],
[2024-08-05 17:35:27,478][flwr][INFO] - 	       [   6,    0,  916,   29,   10,    5,   18,    8,   35,    5],
[2024-08-05 17:35:27,478][flwr][INFO] - 	       [   2,    0,   18,  913,    0,   24,    3,    9,   32,    9],
[2024-08-05 17:35:27,478][flwr][INFO] - 	       [   1,    0,    1,    0,  823,    0,   16,    0,   14,  127],
[2024-08-05 17:35:27,478][flwr][INFO] - 	       [   6,    1,    4,   57,   10,  751,   13,    3,   42,    5],
[2024-08-05 17:35:27,478][flwr][INFO] - 	       [   6,    3,    3,    0,    5,   22,  910,    1,    8,    0],
[2024-08-05 17:35:27,478][flwr][INFO] - 	       [   2,    8,   28,   14,    6,    0,    2,  885,   16,   67],
[2024-08-05 17:35:27,483][flwr][INFO] - 	       [   3,    2,    6,   14,    2,   20,   10,    3,  900,   14],
[2024-08-05 17:35:27,483][flwr][INFO] - 	       [   7,    3,    1,    8,   20,   12,    1,    8,   28,  921]],
[2024-08-05 17:35:27,483][flwr][INFO] - 	      dtype=int64)),
[2024-08-05 17:35:27,483][flwr][INFO] - 	                      (6,
[2024-08-05 17:35:27,483][flwr][INFO] - 	                       array([[ 969,    0,    0,    1,    1,    4,    2,    1,    2,    0],
[2024-08-05 17:35:27,485][flwr][INFO] - 	       [   0, 1102,    5,    6,    1,    1,    3,    0,   16,    1],
[2024-08-05 17:35:27,485][flwr][INFO] - 	       [  12,    3,  905,   31,   11,    3,    8,   21,   32,    6],
[2024-08-05 17:35:27,485][flwr][INFO] - 	       [   6,    1,   19,  933,    0,    7,    0,   14,   18,   12],
[2024-08-05 17:35:27,485][flwr][INFO] - 	       [   1,    1,    3,    1,  808,    2,    9,    0,    4,  153],
[2024-08-05 17:35:27,486][flwr][INFO] - 	       [  16,    2,    6,   80,   14,  697,   17,    6,   32,   22],
[2024-08-05 17:35:27,486][flwr][INFO] - 	       [  27,    3,    3,    0,   16,    9,  890,    2,    8,    0],
[2024-08-05 17:35:27,486][flwr][INFO] - 	       [   4,   10,   22,   14,    3,    0,    1,  918,    0,   56],
[2024-08-05 17:35:27,486][flwr][INFO] - 	       [   9,    2,    9,   23,   15,   10,    8,    5,  860,   33],
[2024-08-05 17:35:27,487][flwr][INFO] - 	       [  12,    4,    0,   14,   13,    2,    0,    9,   11,  944]],
[2024-08-05 17:35:27,487][flwr][INFO] - 	      dtype=int64)),
[2024-08-05 17:35:27,487][flwr][INFO] - 	                      (7,
[2024-08-05 17:35:27,488][flwr][INFO] - 	                       array([[ 945,    0,    3,    2,    0,   13,    8,    1,    6,    2],
[2024-08-05 17:35:27,488][flwr][INFO] - 	       [   0, 1103,    4,    5,    0,    1,    4,    1,   17,    0],
[2024-08-05 17:35:27,489][flwr][INFO] - 	       [   4,    1,  935,   24,    4,    4,   14,   11,   27,    8],
[2024-08-05 17:35:27,489][flwr][INFO] - 	       [   1,    0,   20,  918,    0,   20,    0,   12,   28,   11],
[2024-08-05 17:35:27,490][flwr][INFO] - 	       [   1,    1,    3,    1,  620,    1,   16,    0,   23,  316],
[2024-08-05 17:35:27,490][flwr][INFO] - 	       [   3,    1,    4,   51,    1,  774,   11,    4,   29,   14],
[2024-08-05 17:35:27,490][flwr][INFO] - 	       [   6,    3,    3,    0,    1,   18,  910,    1,   14,    2],
[2024-08-05 17:35:27,490][flwr][INFO] - 	       [   3,    9,   32,    4,    0,    2,    1,  916,    3,   58],
[2024-08-05 17:35:27,490][flwr][INFO] - 	       [   0,    1,    7,   14,    1,   16,    4,    3,  899,   29],
[2024-08-05 17:35:27,490][flwr][INFO] - 	       [   3,    3,    1,   12,    1,    5,    1,    5,   22,  956]],
[2024-08-05 17:35:27,490][flwr][INFO] - 	      dtype=int64)),
[2024-08-05 17:35:27,494][flwr][INFO] - 	                      (8,
[2024-08-05 17:35:27,494][flwr][INFO] - 	                       array([[ 950,    1,    3,    1,    1,    7,    7,    2,    8,    0],
[2024-08-05 17:35:27,494][flwr][INFO] - 	       [   0, 1102,    3,    3,    1,    2,    3,    0,   20,    1],
[2024-08-05 17:35:27,494][flwr][INFO] - 	       [   6,    2,  905,   35,   12,    1,    7,   15,   41,    8],
[2024-08-05 17:35:27,494][flwr][INFO] - 	       [   1,    0,   10,  915,    1,   17,    0,   14,   38,   14],
[2024-08-05 17:35:27,495][flwr][INFO] - 	       [   1,    0,    3,    0,  799,    0,   10,    0,   15,  154],
[2024-08-05 17:35:27,495][flwr][INFO] - 	       [   7,    1,    1,   42,    4,  770,   11,    7,   32,   17],
[2024-08-05 17:35:27,495][flwr][INFO] - 	       [   6,    3,    2,    0,    6,   12,  917,    1,   10,    1],
[2024-08-05 17:35:27,496][flwr][INFO] - 	       [   3,    9,   15,    5,    2,    0,    1,  917,    8,   68],
[2024-08-05 17:35:27,496][flwr][INFO] - 	       [   1,    2,    2,   10,    3,    6,    5,    3,  913,   29],
[2024-08-05 17:35:27,496][flwr][INFO] - 	       [   3,    2,    0,   11,   12,    3,    1,    5,   23,  949]],
[2024-08-05 17:35:27,497][flwr][INFO] - 	      dtype=int64)),
[2024-08-05 17:35:27,497][flwr][INFO] - 	                      (9,
[2024-08-05 17:35:27,498][flwr][INFO] - 	                       array([[ 960,    0,    0,    1,    2,    5,    7,    2,    3,    0],
[2024-08-05 17:35:27,498][flwr][INFO] - 	       [   0, 1106,    3,    2,    1,    0,    3,    0,   19,    1],
[2024-08-05 17:35:27,499][flwr][INFO] - 	       [  16,    2,  880,   38,   10,    2,   11,   21,   43,    9],
[2024-08-05 17:35:27,500][flwr][INFO] - 	       [   2,    0,    8,  924,    0,   18,    1,   14,   34,    9],
[2024-08-05 17:35:27,500][flwr][INFO] - 	       [   1,    0,    2,    2,  855,    0,   10,    0,   13,   99],
[2024-08-05 17:35:27,500][flwr][INFO] - 	       [  12,    1,    0,   32,    6,  766,   16,    6,   42,   11],
[2024-08-05 17:35:27,500][flwr][INFO] - 	       [   8,    3,    1,    0,   12,    6,  911,    1,   16,    0],
[2024-08-05 17:35:27,500][flwr][INFO] - 	       [   5,    8,    5,   22,    2,    0,    0,  916,    4,   66],
[2024-08-05 17:35:27,500][flwr][INFO] - 	       [   6,    1,    3,   12,    5,    5,    5,    4,  911,   22],
[2024-08-05 17:35:27,500][flwr][INFO] - 	       [  12,    2,    0,   10,   10,    1,    1,    5,   22,  946]],
[2024-08-05 17:35:27,504][flwr][INFO] - 	      dtype=int64)),
[2024-08-05 17:35:27,504][flwr][INFO] - 	                      (10,
[2024-08-05 17:35:27,504][flwr][INFO] - 	                       array([[ 962,    0,    0,    2,    0,    4,    2,    2,    8,    0],
[2024-08-05 17:35:27,504][flwr][INFO] - 	       [   0, 1078,    2,   10,    2,    6,    1,    0,   36,    0],
[2024-08-05 17:35:27,504][flwr][INFO] - 	       [  10,    0,  887,   45,    7,    2,    5,   14,   55,    7],
[2024-08-05 17:35:27,505][flwr][INFO] - 	       [   0,    0,    4,  901,    0,   16,    0,   12,   68,    9],
[2024-08-05 17:35:27,505][flwr][INFO] - 	       [   2,    0,    2,    1,  734,    1,    5,    0,   31,  206],
[2024-08-05 17:35:27,506][flwr][INFO] - 	       [   8,    1,    0,   46,    3,  772,    1,    5,   46,   10],
[2024-08-05 17:35:27,506][flwr][INFO] - 	       [  12,    3,    2,    4,   10,   52,  837,    1,   37,    0],
[2024-08-05 17:35:27,506][flwr][INFO] - 	       [   5,    5,   12,   16,    2,    0,    0,  914,   15,   59],
[2024-08-05 17:35:27,506][flwr][INFO] - 	       [   1,    0,    1,   13,    2,    4,    1,    2,  926,   24],
[2024-08-05 17:35:27,507][flwr][INFO] - 	       [   7,    2,    0,   10,    4,    3,    1,    4,   27,  951]],
[2024-08-05 17:35:27,507][flwr][INFO] - 	      dtype=int64))],
[2024-08-05 17:35:27,508][flwr][INFO] - 	 'f1': [(0, 0.058399587867879334),
[2024-08-05 17:35:27,508][flwr][INFO] - 	        (1, 0.5159249059275535),
[2024-08-05 17:35:27,508][flwr][INFO] - 	        (2, 0.7828237460918137),
[2024-08-05 17:35:27,510][flwr][INFO] - 	        (3, 0.8669195882591053),
[2024-08-05 17:35:27,510][flwr][INFO] - 	        (4, 0.8858055394113716),
[2024-08-05 17:35:27,511][flwr][INFO] - 	        (5, 0.9049202651497089),
[2024-08-05 17:35:27,512][flwr][INFO] - 	        (6, 0.9027092787841421),
[2024-08-05 17:35:27,513][flwr][INFO] - 	        (7, 0.8975810131448261),
[2024-08-05 17:35:27,513][flwr][INFO] - 	        (8, 0.9145275381774362),
[2024-08-05 17:35:27,513][flwr][INFO] - 	        (9, 0.9179540359605511),
[2024-08-05 17:35:27,513][flwr][INFO] - 	        (10, 0.8976726088192228)],
[2024-08-05 17:35:27,513][flwr][INFO] - 	 'precision': [(0, 0.10342842122895522),
[2024-08-05 17:35:27,515][flwr][INFO] - 	               (1, 0.6674620970408682),
[2024-08-05 17:35:27,515][flwr][INFO] - 	               (2, 0.8268079831223695),
[2024-08-05 17:35:27,515][flwr][INFO] - 	               (3, 0.8781380475587003),
[2024-08-05 17:35:27,516][flwr][INFO] - 	               (4, 0.8910023261738909),
[2024-08-05 17:35:27,516][flwr][INFO] - 	               (5, 0.9085789150735396),
[2024-08-05 17:35:27,516][flwr][INFO] - 	               (6, 0.9073083704672222),
[2024-08-05 17:35:27,517][flwr][INFO] - 	               (7, 0.9102759928958348),
[2024-08-05 17:35:27,517][flwr][INFO] - 	               (8, 0.9198185908699992),
[2024-08-05 17:35:27,518][flwr][INFO] - 	               (9, 0.9219107758914373),
[2024-08-05 17:35:27,518][flwr][INFO] - 	               (10, 0.9083144062250783)],
[2024-08-05 17:35:27,518][flwr][INFO] - 	 'recall': [(0, 0.1161),
[2024-08-05 17:35:27,518][flwr][INFO] - 	            (1, 0.5525),
[2024-08-05 17:35:27,518][flwr][INFO] - 	            (2, 0.7914),
[2024-08-05 17:35:27,518][flwr][INFO] - 	            (3, 0.8666),
[2024-08-05 17:35:27,521][flwr][INFO] - 	            (4, 0.8867),
[2024-08-05 17:35:27,521][flwr][INFO] - 	            (5, 0.9043),
[2024-08-05 17:35:27,522][flwr][INFO] - 	            (6, 0.9026),
[2024-08-05 17:35:27,522][flwr][INFO] - 	            (7, 0.8976),
[2024-08-05 17:35:27,522][flwr][INFO] - 	            (8, 0.9137),
[2024-08-05 17:35:27,522][flwr][INFO] - 	            (9, 0.9175),
[2024-08-05 17:35:27,524][flwr][INFO] - 	            (10, 0.8962)]}
[2024-08-05 17:35:27,524][flwr][INFO] - 
