[2024-08-06 20:06:54,178][flwr][INFO] - Starting Flower simulation, config: num_rounds=10, no round_timeout
[2024-08-06 20:07:04,147][flwr][INFO] - Flower VCE: Ray initialized with resources: {'node:127.0.0.1': 1.0, 'node:__internal_head__': 1.0, 'CPU': 16.0, 'memory': 2879474075.0, 'object_store_memory': 1439737036.0}
[2024-08-06 20:07:04,149][flwr][INFO] - Optimize your simulation with Flower VCE: https://flower.ai/docs/framework/how-to-run-simulations.html
[2024-08-06 20:07:04,150][flwr][INFO] - Flower VCE: Resources for each Virtual Client: {'num_cpus': 2, 'num_gpus': 0}
[2024-08-06 20:07:04,178][flwr][INFO] - Flower VCE: Creating VirtualClientEngineActorPool with 8 actors
[2024-08-06 20:07:04,182][flwr][INFO] - [INIT]
[2024-08-06 20:07:04,185][flwr][INFO] - Requesting initial parameters from one random client
[2024-08-06 20:07:12,990][flwr][INFO] - Received initial parameters from one random client
[2024-08-06 20:07:12,992][flwr][INFO] - Evaluating initial global parameters
[2024-08-06 20:07:22,443][flwr][INFO] - initial parameters (loss, other metrics): 0.6931471805599453, {'accuracy': 0.098, 'precision': 0.009604000000000001, 'recall': 0.098, 'f1': 0.017493624772313296, 'confusion_matrix': array([[ 980,    0,    0,    0,    0,    0,    0,    0,    0,    0],
       [1135,    0,    0,    0,    0,    0,    0,    0,    0,    0],
       [1032,    0,    0,    0,    0,    0,    0,    0,    0,    0],
       [1010,    0,    0,    0,    0,    0,    0,    0,    0,    0],
       [ 982,    0,    0,    0,    0,    0,    0,    0,    0,    0],
       [ 892,    0,    0,    0,    0,    0,    0,    0,    0,    0],
       [ 958,    0,    0,    0,    0,    0,    0,    0,    0,    0],
       [1028,    0,    0,    0,    0,    0,    0,    0,    0,    0],
       [ 974,    0,    0,    0,    0,    0,    0,    0,    0,    0],
       [1009,    0,    0,    0,    0,    0,    0,    0,    0,    0]],
      dtype=int64)}
[2024-08-06 20:07:22,450][flwr][INFO] - 
[2024-08-06 20:07:22,451][flwr][INFO] - [ROUND 1]
[2024-08-06 20:07:22,454][flwr][INFO] - configure_fit: strategy sampled 10 clients (out of 100)
[2024-08-06 20:07:33,649][flwr][INFO] - aggregate_fit: received 10 results and 0 failures
[2024-08-06 20:07:33,653][flwr][WARNING] - No fit_metrics_aggregation_fn provided
[2024-08-06 20:07:43,694][flwr][INFO] - fit progress: (1, 0.7208755606650846, {'accuracy': 0.7906, 'precision': 0.8141129347211988, 'recall': 0.7906, 'f1': 0.779814803510527, 'confusion_matrix': array([[ 899,    0,    7,   11,    0,    2,   47,    2,   12,    0],
       [   0, 1108,    9,    3,    0,    0,    4,    0,   11,    0],
       [  15,  108,  766,   31,   18,    0,   33,   21,   40,    0],
       [   5,   37,   29,  865,    0,    2,    9,   20,   39,    4],
       [   2,   53,    4,    1,  806,    0,   49,    2,    5,   60],
       [  25,  118,    3,  283,   28,  256,   44,   36,   71,   28],
       [  20,   31,   21,    1,    7,    4,  872,    1,    1,    0],
       [   4,   75,   22,    1,    8,    0,    4,  885,   11,   18],
       [   8,   85,    9,  108,    9,    1,   15,   21,  708,   10],
       [  21,   47,   10,   15,   75,    0,    9,   74,   17,  741]],
      dtype=int64)}, 21.243096300000616)
[2024-08-06 20:07:43,698][flwr][INFO] - configure_evaluate: no clients selected, skipping evaluation
[2024-08-06 20:07:43,699][flwr][INFO] - 
[2024-08-06 20:07:43,700][flwr][INFO] - [ROUND 2]
[2024-08-06 20:07:43,702][flwr][INFO] - configure_fit: strategy sampled 10 clients (out of 100)
[2024-08-06 20:07:44,890][flwr][INFO] - aggregate_fit: received 10 results and 0 failures
[2024-08-06 20:07:56,048][flwr][INFO] - fit progress: (2, 0.7216997174071931, {'accuracy': 0.77, 'precision': 0.7981575388685308, 'recall': 0.77, 'f1': 0.7495748438375615, 'confusion_matrix': array([[ 903,    0,    3,    8,    0,    0,   52,    2,   12,    0],
       [   0, 1098,    2,    3,    0,    0,    4,    0,   28,    0],
       [  18,  108,  749,   31,   20,    0,   32,   27,   46,    1],
       [   5,   36,   26,  858,    0,    0,   10,   22,   48,    5],
       [   2,   41,    3,    0,  832,    0,   42,    7,   10,   45],
       [  47,  116,    1,  301,   35,  142,   47,   52,  116,   35],
       [  22,   29,   23,    1,   12,    2,  866,    1,    2,    0],
       [   4,   68,   11,    1,   11,    0,    1,  905,   16,   11],
       [  10,   69,    6,  100,   13,    0,   18,   26,  723,    9],
       [  22,   43,    9,   13,  125,    0,    6,  146,   21,  624]],
      dtype=int64)}, 33.597504299999855)
[2024-08-06 20:07:56,053][flwr][INFO] - configure_evaluate: no clients selected, skipping evaluation
[2024-08-06 20:07:56,054][flwr][INFO] - 
[2024-08-06 20:07:56,055][flwr][INFO] - [ROUND 3]
[2024-08-06 20:07:56,057][flwr][INFO] - configure_fit: strategy sampled 10 clients (out of 100)
[2024-08-06 20:07:57,247][flwr][INFO] - aggregate_fit: received 10 results and 0 failures
[2024-08-06 20:08:07,124][flwr][INFO] - fit progress: (3, 0.7238971267583367, {'accuracy': 0.7888, 'precision': 0.8116901857185388, 'recall': 0.7888, 'f1': 0.7801888828685659, 'confusion_matrix': array([[ 908,    0,    5,    8,    0,    1,   41,    4,   13,    0],
       [   0, 1103,    3,    3,    0,    0,    4,    0,   22,    0],
       [  15,  128,  726,   32,   17,    0,   36,   22,   55,    1],
       [   6,   40,   28,  841,    0,    2,   11,   23,   51,    8],
       [   2,   57,    3,    0,  816,    0,   36,    4,    4,   60],
       [  29,  115,    2,  244,   24,  302,   43,   47,   62,   24],
       [  22,   34,   18,    1,    4,    6,  868,    1,    4,    0],
       [   4,   77,   14,    0,    8,    0,    4,  898,   10,   13],
       [   9,   89,    6,   94,   12,    1,   20,   28,  696,   19],
       [  24,   47,    8,   13,   76,    0,    7,   93,   11,  730]],
      dtype=int64)}, 44.67323989999932)
[2024-08-06 20:08:07,128][flwr][INFO] - configure_evaluate: no clients selected, skipping evaluation
[2024-08-06 20:08:07,129][flwr][INFO] - 
[2024-08-06 20:08:07,129][flwr][INFO] - [ROUND 4]
[2024-08-06 20:08:07,130][flwr][INFO] - configure_fit: strategy sampled 10 clients (out of 100)
[2024-08-06 20:08:08,269][flwr][INFO] - aggregate_fit: received 10 results and 0 failures
[2024-08-06 20:08:18,739][flwr][INFO] - fit progress: (4, 0.7200507522469791, {'accuracy': 0.7836, 'precision': 0.8074059804056413, 'recall': 0.7836, 'f1': 0.7731822031602511, 'confusion_matrix': array([[ 894,    0,    5,    6,    0,    1,   55,    3,   16,    0],
       [   0, 1102,    1,    4,    0,    0,    4,    0,   24,    0],
       [  15,  134,  721,   25,   18,    0,   38,   25,   56,    0],
       [   6,   41,   30,  838,    0,    2,   10,   20,   57,    6],
       [   2,   49,    3,    0,  827,    0,   45,    5,    6,   45],
       [  31,  118,    1,  217,   28,  281,   45,   47,   98,   26],
       [  25,   30,   11,    0,    6,    3,  880,    1,    2,    0],
       [   6,   74,   13,    1,    9,    0,    3,  893,   16,   13],
       [   8,   82,    6,   69,   11,    4,   20,   23,  743,    8],
       [  23,   46,    9,   11,   98,    0,    8,  139,   18,  657]],
      dtype=int64)}, 56.288662700000714)
[2024-08-06 20:08:18,745][flwr][INFO] - configure_evaluate: no clients selected, skipping evaluation
[2024-08-06 20:08:18,746][flwr][INFO] - 
[2024-08-06 20:08:18,747][flwr][INFO] - [ROUND 5]
[2024-08-06 20:08:18,749][flwr][INFO] - configure_fit: strategy sampled 10 clients (out of 100)
[2024-08-06 20:08:20,029][flwr][INFO] - aggregate_fit: received 10 results and 0 failures
[2024-08-06 20:08:30,400][flwr][INFO] - fit progress: (5, 0.7182291493365645, {'accuracy': 0.7799, 'precision': 0.8066849446525165, 'recall': 0.7799, 'f1': 0.7643439430069753, 'confusion_matrix': array([[ 896,    0,    6,    5,    0,    0,   50,    4,   19,    0],
       [   0, 1106,    3,    3,    0,    0,    3,    0,   20,    0],
       [  20,  129,  714,   31,   18,    0,   34,   25,   60,    1],
       [   5,   43,   27,  835,    0,    2,   10,   22,   61,    5],
       [   2,   47,    3,    0,  834,    0,   37,    6,    8,   45],
       [  38,  122,    1,  258,   33,  195,   39,   55,  123,   28],
       [  21,   40,   11,    1,    5,    2,  873,    1,    4,    0],
       [   5,   70,   15,    0,    9,    0,    3,  898,   12,   16],
       [  10,   80,    4,   52,   12,    0,   20,   24,  762,   10],
       [  20,   44,   10,   11,   97,    0,    9,  116,   16,  686]],
      dtype=int64)}, 67.94924879999962)
[2024-08-06 20:08:30,407][flwr][INFO] - configure_evaluate: no clients selected, skipping evaluation
[2024-08-06 20:08:30,408][flwr][INFO] - 
[2024-08-06 20:08:30,409][flwr][INFO] - [ROUND 6]
[2024-08-06 20:08:30,411][flwr][INFO] - configure_fit: strategy sampled 10 clients (out of 100)
[2024-08-06 20:08:31,648][flwr][INFO] - aggregate_fit: received 10 results and 0 failures
[2024-08-06 20:08:42,081][flwr][INFO] - fit progress: (6, 0.7234449239326068, {'accuracy': 0.7857, 'precision': 0.8086974642828773, 'recall': 0.7857, 'f1': 0.7782199326311473, 'confusion_matrix': array([[ 902,    0,    6,   10,    0,    1,   45,    4,   12,    0],
       [   0, 1097,    2,    4,    0,    0,    3,    0,   29,    0],
       [  17,  116,  738,   41,   17,    0,   35,   26,   41,    1],
       [   6,   40,   29,  857,    0,    2,    7,   23,   42,    4],
       [   2,   53,    4,    0,  816,    0,   38,    7,    5,   57],
       [  28,  117,    2,  242,   27,  332,   41,   45,   35,   23],
       [  23,   41,   12,    0,    7,    8,  863,    1,    3,    0],
       [   5,   70,   15,    1,   10,    0,    3,  896,    9,   19],
       [   8,   87,    8,  117,   10,    2,   21,   28,  677,   16],
       [  24,   45,    9,   16,   83,    0,    7,  135,   11,  679]],
      dtype=int64)}, 79.63080730000001)
[2024-08-06 20:08:42,088][flwr][INFO] - configure_evaluate: no clients selected, skipping evaluation
[2024-08-06 20:08:42,089][flwr][INFO] - 
[2024-08-06 20:08:42,090][flwr][INFO] - [ROUND 7]
[2024-08-06 20:08:42,091][flwr][INFO] - configure_fit: strategy sampled 10 clients (out of 100)
[2024-08-06 20:08:43,603][flwr][INFO] - aggregate_fit: received 10 results and 0 failures
[2024-08-06 20:08:56,448][flwr][INFO] - fit progress: (7, 0.7148517612489167, {'accuracy': 0.7841, 'precision': 0.8090587684211986, 'recall': 0.7841, 'f1': 0.7724782242346087, 'confusion_matrix': array([[ 904,    0,    5,    7,    0,    1,   48,    3,   12,    0],
       [   0, 1103,    5,    3,    0,    0,    4,    0,   20,    0],
       [  15,  122,  738,   27,   17,    0,   38,   26,   48,    1],
       [   4,   43,   29,  839,    0,    2,   11,   21,   55,    6],
       [   3,   54,    3,    0,  829,    0,   42,    5,    5,   41],
       [  30,  119,    3,  255,   30,  261,   52,   41,   79,   22],
       [  23,   32,   14,    0,    5,    2,  880,    1,    1,    0],
       [   4,   73,   16,    0,    9,    0,    5,  901,   13,    7],
       [  10,   83,    7,   74,   11,    1,   22,   25,  732,    9],
       [  23,   45,    9,   11,  126,    0,    8,  119,   14,  654]],
      dtype=int64)}, 93.99737380000079)
[2024-08-06 20:08:56,456][flwr][INFO] - configure_evaluate: no clients selected, skipping evaluation
[2024-08-06 20:08:56,457][flwr][INFO] - 
[2024-08-06 20:08:56,458][flwr][INFO] - [ROUND 8]
[2024-08-06 20:08:56,460][flwr][INFO] - configure_fit: strategy sampled 10 clients (out of 100)
[2024-08-06 20:08:58,198][flwr][INFO] - aggregate_fit: received 10 results and 0 failures
[2024-08-06 20:09:11,928][flwr][INFO] - fit progress: (8, 0.7199570917757538, {'accuracy': 0.7792, 'precision': 0.8056655827470703, 'recall': 0.7792, 'f1': 0.7676303379004197, 'confusion_matrix': array([[ 898,    0,    5,   11,    0,    0,   51,    3,   12,    0],
       [   0, 1100,    3,    3,    0,    0,    4,    0,   25,    0],
       [  15,  111,  742,   25,   21,    0,   36,   29,   52,    1],
       [   4,   38,   29,  851,    0,    2,   12,   25,   46,    3],
       [   1,   44,    2,    0,  844,    0,   37,   13,    6,   35],
       [  26,  121,    3,  246,   34,  282,   44,   52,   60,   24],
       [  19,   32,   13,    0,   12,    2,  879,    0,    1,    0],
       [   2,   69,   13,    1,   12,    0,    2,  907,   11,   11],
       [   8,   85,    7,   84,   13,    1,   20,   30,  716,   10],
       [  20,   44,    7,   13,  125,    0,    7,  205,   15,  573]],
      dtype=int64)}, 109.47787249999965)
[2024-08-06 20:09:11,934][flwr][INFO] - configure_evaluate: no clients selected, skipping evaluation
[2024-08-06 20:09:11,936][flwr][INFO] - 
[2024-08-06 20:09:11,937][flwr][INFO] - [ROUND 9]
[2024-08-06 20:09:11,940][flwr][INFO] - configure_fit: strategy sampled 10 clients (out of 100)
[2024-08-06 20:09:13,814][flwr][INFO] - aggregate_fit: received 10 results and 0 failures
[2024-08-06 20:09:26,811][flwr][INFO] - fit progress: (9, 0.7242341181648718, {'accuracy': 0.7909, 'precision': 0.8122084891316251, 'recall': 0.7909, 'f1': 0.7816824405247584, 'confusion_matrix': array([[ 908,    0,    4,    8,    0,    2,   44,    3,   11,    0],
       [   0, 1100,    5,    2,    0,    0,    4,    1,   23,    0],
       [  15,  110,  766,   18,   19,    0,   36,   26,   41,    1],
       [   6,   41,   38,  833,    0,    2,    9,   22,   55,    4],
       [   3,   49,    3,    0,  843,    0,   45,    5,    4,   30],
       [  30,  111,    3,  228,   29,  307,   48,   41,   72,   23],
       [  23,   30,   19,    0,    8,    2,  873,    1,    2,    0],
       [   6,   73,   16,    1,   10,    0,    2,  899,    8,   13],
       [   9,   83,    9,   86,   15,    3,   19,   28,  709,   13],
       [  24,   47,    9,   13,  111,    0,    7,  115,   12,  671]],
      dtype=int64)}, 124.36014660000001)
[2024-08-06 20:09:26,818][flwr][INFO] - configure_evaluate: no clients selected, skipping evaluation
[2024-08-06 20:09:26,819][flwr][INFO] - 
[2024-08-06 20:09:26,820][flwr][INFO] - [ROUND 10]
[2024-08-06 20:09:26,821][flwr][INFO] - configure_fit: strategy sampled 10 clients (out of 100)
[2024-08-06 20:09:28,330][flwr][INFO] - aggregate_fit: received 10 results and 0 failures
[2024-08-06 20:09:38,872][flwr][INFO] - fit progress: (10, 0.7210245905395349, {'accuracy': 0.7744, 'precision': 0.7988054736208066, 'recall': 0.7744, 'f1': 0.7591869270434135, 'confusion_matrix': array([[ 904,    0,    4,    5,    0,    0,   50,    4,   13,    0],
       [   0, 1101,    9,    3,    0,    0,    4,    0,   18,    0],
       [  16,  104,  751,   35,   18,    0,   33,   26,   48,    1],
       [   7,   37,   26,  862,    0,    2,    9,   20,   39,    8],
       [   3,   48,    4,    1,  703,    0,   44,    8,    5,  166],
       [  34,  107,    1,  288,   23,  197,   48,   47,  102,   45],
       [  21,   34,   19,    2,    7,    2,  869,    1,    3,    0],
       [   6,   67,   17,    1,    8,    0,    3,  886,    7,   33],
       [  11,   76,    9,   95,    7,    0,   20,   22,  707,   27],
       [  23,   39,    8,   14,   55,    0,    6,   91,    9,  764]],
      dtype=int64)}, 136.42150109999966)
[2024-08-06 20:09:38,877][flwr][INFO] - configure_evaluate: no clients selected, skipping evaluation
[2024-08-06 20:09:38,877][flwr][INFO] - 
[2024-08-06 20:09:38,878][flwr][INFO] - [SUMMARY]
[2024-08-06 20:09:38,879][flwr][INFO] - Run finished 10 round(s) in 136.43s
[2024-08-06 20:09:38,899][flwr][INFO] - 	History (loss, centralized):
[2024-08-06 20:09:38,900][flwr][INFO] - 		round 0: 0.6931471805599453
[2024-08-06 20:09:38,901][flwr][INFO] - 		round 1: 0.7208755606650846
[2024-08-06 20:09:38,902][flwr][INFO] - 		round 2: 0.7216997174071931
[2024-08-06 20:09:38,903][flwr][INFO] - 		round 3: 0.7238971267583367
[2024-08-06 20:09:38,904][flwr][INFO] - 		round 4: 0.7200507522469791
[2024-08-06 20:09:38,905][flwr][INFO] - 		round 5: 0.7182291493365645
[2024-08-06 20:09:38,906][flwr][INFO] - 		round 6: 0.7234449239326068
[2024-08-06 20:09:38,907][flwr][INFO] - 		round 7: 0.7148517612489167
[2024-08-06 20:09:38,908][flwr][INFO] - 		round 8: 0.7199570917757538
[2024-08-06 20:09:38,908][flwr][INFO] - 		round 9: 0.7242341181648718
[2024-08-06 20:09:38,910][flwr][INFO] - 		round 10: 0.7210245905395349
[2024-08-06 20:09:38,911][flwr][INFO] - 	History (metrics, centralized):
[2024-08-06 20:09:38,912][flwr][INFO] - 	{'accuracy': [(0, 0.098),
[2024-08-06 20:09:38,913][flwr][INFO] - 	              (1, 0.7906),
[2024-08-06 20:09:38,914][flwr][INFO] - 	              (2, 0.77),
[2024-08-06 20:09:38,916][flwr][INFO] - 	              (3, 0.7888),
[2024-08-06 20:09:38,917][flwr][INFO] - 	              (4, 0.7836),
[2024-08-06 20:09:38,918][flwr][INFO] - 	              (5, 0.7799),
[2024-08-06 20:09:38,919][flwr][INFO] - 	              (6, 0.7857),
[2024-08-06 20:09:38,920][flwr][INFO] - 	              (7, 0.7841),
[2024-08-06 20:09:38,921][flwr][INFO] - 	              (8, 0.7792),
[2024-08-06 20:09:38,922][flwr][INFO] - 	              (9, 0.7909),
[2024-08-06 20:09:38,923][flwr][INFO] - 	              (10, 0.7744)],
[2024-08-06 20:09:38,924][flwr][INFO] - 	 'confusion_matrix': [(0,
[2024-08-06 20:09:38,925][flwr][INFO] - 	                       array([[ 980,    0,    0,    0,    0,    0,    0,    0,    0,    0],
[2024-08-06 20:09:38,926][flwr][INFO] - 	       [1135,    0,    0,    0,    0,    0,    0,    0,    0,    0],
[2024-08-06 20:09:38,928][flwr][INFO] - 	       [1032,    0,    0,    0,    0,    0,    0,    0,    0,    0],
[2024-08-06 20:09:38,929][flwr][INFO] - 	       [1010,    0,    0,    0,    0,    0,    0,    0,    0,    0],
[2024-08-06 20:09:38,930][flwr][INFO] - 	       [ 982,    0,    0,    0,    0,    0,    0,    0,    0,    0],
[2024-08-06 20:09:38,930][flwr][INFO] - 	       [ 892,    0,    0,    0,    0,    0,    0,    0,    0,    0],
[2024-08-06 20:09:38,931][flwr][INFO] - 	       [ 958,    0,    0,    0,    0,    0,    0,    0,    0,    0],
[2024-08-06 20:09:38,932][flwr][INFO] - 	       [1028,    0,    0,    0,    0,    0,    0,    0,    0,    0],
[2024-08-06 20:09:38,933][flwr][INFO] - 	       [ 974,    0,    0,    0,    0,    0,    0,    0,    0,    0],
[2024-08-06 20:09:38,934][flwr][INFO] - 	       [1009,    0,    0,    0,    0,    0,    0,    0,    0,    0]],
[2024-08-06 20:09:38,935][flwr][INFO] - 	      dtype=int64)),
[2024-08-06 20:09:38,936][flwr][INFO] - 	                      (1,
[2024-08-06 20:09:38,937][flwr][INFO] - 	                       array([[ 899,    0,    7,   11,    0,    2,   47,    2,   12,    0],
[2024-08-06 20:09:38,938][flwr][INFO] - 	       [   0, 1108,    9,    3,    0,    0,    4,    0,   11,    0],
[2024-08-06 20:09:38,938][flwr][INFO] - 	       [  15,  108,  766,   31,   18,    0,   33,   21,   40,    0],
[2024-08-06 20:09:38,940][flwr][INFO] - 	       [   5,   37,   29,  865,    0,    2,    9,   20,   39,    4],
[2024-08-06 20:09:38,941][flwr][INFO] - 	       [   2,   53,    4,    1,  806,    0,   49,    2,    5,   60],
[2024-08-06 20:09:38,942][flwr][INFO] - 	       [  25,  118,    3,  283,   28,  256,   44,   36,   71,   28],
[2024-08-06 20:09:38,944][flwr][INFO] - 	       [  20,   31,   21,    1,    7,    4,  872,    1,    1,    0],
[2024-08-06 20:09:38,945][flwr][INFO] - 	       [   4,   75,   22,    1,    8,    0,    4,  885,   11,   18],
[2024-08-06 20:09:38,946][flwr][INFO] - 	       [   8,   85,    9,  108,    9,    1,   15,   21,  708,   10],
[2024-08-06 20:09:38,947][flwr][INFO] - 	       [  21,   47,   10,   15,   75,    0,    9,   74,   17,  741]],
[2024-08-06 20:09:38,948][flwr][INFO] - 	      dtype=int64)),
[2024-08-06 20:09:38,950][flwr][INFO] - 	                      (2,
[2024-08-06 20:09:38,951][flwr][INFO] - 	                       array([[ 903,    0,    3,    8,    0,    0,   52,    2,   12,    0],
[2024-08-06 20:09:38,952][flwr][INFO] - 	       [   0, 1098,    2,    3,    0,    0,    4,    0,   28,    0],
[2024-08-06 20:09:38,953][flwr][INFO] - 	       [  18,  108,  749,   31,   20,    0,   32,   27,   46,    1],
[2024-08-06 20:09:38,954][flwr][INFO] - 	       [   5,   36,   26,  858,    0,    0,   10,   22,   48,    5],
[2024-08-06 20:09:38,955][flwr][INFO] - 	       [   2,   41,    3,    0,  832,    0,   42,    7,   10,   45],
[2024-08-06 20:09:38,955][flwr][INFO] - 	       [  47,  116,    1,  301,   35,  142,   47,   52,  116,   35],
[2024-08-06 20:09:38,956][flwr][INFO] - 	       [  22,   29,   23,    1,   12,    2,  866,    1,    2,    0],
[2024-08-06 20:09:38,957][flwr][INFO] - 	       [   4,   68,   11,    1,   11,    0,    1,  905,   16,   11],
[2024-08-06 20:09:38,958][flwr][INFO] - 	       [  10,   69,    6,  100,   13,    0,   18,   26,  723,    9],
[2024-08-06 20:09:38,959][flwr][INFO] - 	       [  22,   43,    9,   13,  125,    0,    6,  146,   21,  624]],
[2024-08-06 20:09:38,960][flwr][INFO] - 	      dtype=int64)),
[2024-08-06 20:09:38,960][flwr][INFO] - 	                      (3,
[2024-08-06 20:09:38,961][flwr][INFO] - 	                       array([[ 908,    0,    5,    8,    0,    1,   41,    4,   13,    0],
[2024-08-06 20:09:38,962][flwr][INFO] - 	       [   0, 1103,    3,    3,    0,    0,    4,    0,   22,    0],
[2024-08-06 20:09:38,963][flwr][INFO] - 	       [  15,  128,  726,   32,   17,    0,   36,   22,   55,    1],
[2024-08-06 20:09:38,964][flwr][INFO] - 	       [   6,   40,   28,  841,    0,    2,   11,   23,   51,    8],
[2024-08-06 20:09:38,965][flwr][INFO] - 	       [   2,   57,    3,    0,  816,    0,   36,    4,    4,   60],
[2024-08-06 20:09:38,966][flwr][INFO] - 	       [  29,  115,    2,  244,   24,  302,   43,   47,   62,   24],
[2024-08-06 20:09:38,967][flwr][INFO] - 	       [  22,   34,   18,    1,    4,    6,  868,    1,    4,    0],
[2024-08-06 20:09:38,968][flwr][INFO] - 	       [   4,   77,   14,    0,    8,    0,    4,  898,   10,   13],
[2024-08-06 20:09:38,968][flwr][INFO] - 	       [   9,   89,    6,   94,   12,    1,   20,   28,  696,   19],
[2024-08-06 20:09:38,970][flwr][INFO] - 	       [  24,   47,    8,   13,   76,    0,    7,   93,   11,  730]],
[2024-08-06 20:09:38,971][flwr][INFO] - 	      dtype=int64)),
[2024-08-06 20:09:38,972][flwr][INFO] - 	                      (4,
[2024-08-06 20:09:38,973][flwr][INFO] - 	                       array([[ 894,    0,    5,    6,    0,    1,   55,    3,   16,    0],
[2024-08-06 20:09:38,974][flwr][INFO] - 	       [   0, 1102,    1,    4,    0,    0,    4,    0,   24,    0],
[2024-08-06 20:09:38,975][flwr][INFO] - 	       [  15,  134,  721,   25,   18,    0,   38,   25,   56,    0],
[2024-08-06 20:09:38,976][flwr][INFO] - 	       [   6,   41,   30,  838,    0,    2,   10,   20,   57,    6],
[2024-08-06 20:09:38,976][flwr][INFO] - 	       [   2,   49,    3,    0,  827,    0,   45,    5,    6,   45],
[2024-08-06 20:09:38,977][flwr][INFO] - 	       [  31,  118,    1,  217,   28,  281,   45,   47,   98,   26],
[2024-08-06 20:09:38,978][flwr][INFO] - 	       [  25,   30,   11,    0,    6,    3,  880,    1,    2,    0],
[2024-08-06 20:09:38,980][flwr][INFO] - 	       [   6,   74,   13,    1,    9,    0,    3,  893,   16,   13],
[2024-08-06 20:09:38,981][flwr][INFO] - 	       [   8,   82,    6,   69,   11,    4,   20,   23,  743,    8],
[2024-08-06 20:09:38,982][flwr][INFO] - 	       [  23,   46,    9,   11,   98,    0,    8,  139,   18,  657]],
[2024-08-06 20:09:38,982][flwr][INFO] - 	      dtype=int64)),
[2024-08-06 20:09:38,983][flwr][INFO] - 	                      (5,
[2024-08-06 20:09:38,984][flwr][INFO] - 	                       array([[ 896,    0,    6,    5,    0,    0,   50,    4,   19,    0],
[2024-08-06 20:09:38,985][flwr][INFO] - 	       [   0, 1106,    3,    3,    0,    0,    3,    0,   20,    0],
[2024-08-06 20:09:38,985][flwr][INFO] - 	       [  20,  129,  714,   31,   18,    0,   34,   25,   60,    1],
[2024-08-06 20:09:38,986][flwr][INFO] - 	       [   5,   43,   27,  835,    0,    2,   10,   22,   61,    5],
[2024-08-06 20:09:38,987][flwr][INFO] - 	       [   2,   47,    3,    0,  834,    0,   37,    6,    8,   45],
[2024-08-06 20:09:38,987][flwr][INFO] - 	       [  38,  122,    1,  258,   33,  195,   39,   55,  123,   28],
[2024-08-06 20:09:38,988][flwr][INFO] - 	       [  21,   40,   11,    1,    5,    2,  873,    1,    4,    0],
[2024-08-06 20:09:38,989][flwr][INFO] - 	       [   5,   70,   15,    0,    9,    0,    3,  898,   12,   16],
[2024-08-06 20:09:38,990][flwr][INFO] - 	       [  10,   80,    4,   52,   12,    0,   20,   24,  762,   10],
[2024-08-06 20:09:38,991][flwr][INFO] - 	       [  20,   44,   10,   11,   97,    0,    9,  116,   16,  686]],
[2024-08-06 20:09:38,992][flwr][INFO] - 	      dtype=int64)),
[2024-08-06 20:09:38,993][flwr][INFO] - 	                      (6,
[2024-08-06 20:09:38,994][flwr][INFO] - 	                       array([[ 902,    0,    6,   10,    0,    1,   45,    4,   12,    0],
[2024-08-06 20:09:38,994][flwr][INFO] - 	       [   0, 1097,    2,    4,    0,    0,    3,    0,   29,    0],
[2024-08-06 20:09:38,995][flwr][INFO] - 	       [  17,  116,  738,   41,   17,    0,   35,   26,   41,    1],
[2024-08-06 20:09:38,996][flwr][INFO] - 	       [   6,   40,   29,  857,    0,    2,    7,   23,   42,    4],
[2024-08-06 20:09:38,997][flwr][INFO] - 	       [   2,   53,    4,    0,  816,    0,   38,    7,    5,   57],
[2024-08-06 20:09:38,997][flwr][INFO] - 	       [  28,  117,    2,  242,   27,  332,   41,   45,   35,   23],
[2024-08-06 20:09:38,998][flwr][INFO] - 	       [  23,   41,   12,    0,    7,    8,  863,    1,    3,    0],
[2024-08-06 20:09:39,000][flwr][INFO] - 	       [   5,   70,   15,    1,   10,    0,    3,  896,    9,   19],
[2024-08-06 20:09:39,000][flwr][INFO] - 	       [   8,   87,    8,  117,   10,    2,   21,   28,  677,   16],
[2024-08-06 20:09:39,001][flwr][INFO] - 	       [  24,   45,    9,   16,   83,    0,    7,  135,   11,  679]],
[2024-08-06 20:09:39,002][flwr][INFO] - 	      dtype=int64)),
[2024-08-06 20:09:39,003][flwr][INFO] - 	                      (7,
[2024-08-06 20:09:39,004][flwr][INFO] - 	                       array([[ 904,    0,    5,    7,    0,    1,   48,    3,   12,    0],
[2024-08-06 20:09:39,005][flwr][INFO] - 	       [   0, 1103,    5,    3,    0,    0,    4,    0,   20,    0],
[2024-08-06 20:09:39,005][flwr][INFO] - 	       [  15,  122,  738,   27,   17,    0,   38,   26,   48,    1],
[2024-08-06 20:09:39,006][flwr][INFO] - 	       [   4,   43,   29,  839,    0,    2,   11,   21,   55,    6],
[2024-08-06 20:09:39,007][flwr][INFO] - 	       [   3,   54,    3,    0,  829,    0,   42,    5,    5,   41],
[2024-08-06 20:09:39,008][flwr][INFO] - 	       [  30,  119,    3,  255,   30,  261,   52,   41,   79,   22],
[2024-08-06 20:09:39,008][flwr][INFO] - 	       [  23,   32,   14,    0,    5,    2,  880,    1,    1,    0],
[2024-08-06 20:09:39,010][flwr][INFO] - 	       [   4,   73,   16,    0,    9,    0,    5,  901,   13,    7],
[2024-08-06 20:09:39,010][flwr][INFO] - 	       [  10,   83,    7,   74,   11,    1,   22,   25,  732,    9],
[2024-08-06 20:09:39,011][flwr][INFO] - 	       [  23,   45,    9,   11,  126,    0,    8,  119,   14,  654]],
[2024-08-06 20:09:39,012][flwr][INFO] - 	      dtype=int64)),
[2024-08-06 20:09:39,013][flwr][INFO] - 	                      (8,
[2024-08-06 20:09:39,014][flwr][INFO] - 	                       array([[ 898,    0,    5,   11,    0,    0,   51,    3,   12,    0],
[2024-08-06 20:09:39,015][flwr][INFO] - 	       [   0, 1100,    3,    3,    0,    0,    4,    0,   25,    0],
[2024-08-06 20:09:39,016][flwr][INFO] - 	       [  15,  111,  742,   25,   21,    0,   36,   29,   52,    1],
[2024-08-06 20:09:39,017][flwr][INFO] - 	       [   4,   38,   29,  851,    0,    2,   12,   25,   46,    3],
[2024-08-06 20:09:39,018][flwr][INFO] - 	       [   1,   44,    2,    0,  844,    0,   37,   13,    6,   35],
[2024-08-06 20:09:39,018][flwr][INFO] - 	       [  26,  121,    3,  246,   34,  282,   44,   52,   60,   24],
[2024-08-06 20:09:39,019][flwr][INFO] - 	       [  19,   32,   13,    0,   12,    2,  879,    0,    1,    0],
[2024-08-06 20:09:39,020][flwr][INFO] - 	       [   2,   69,   13,    1,   12,    0,    2,  907,   11,   11],
[2024-08-06 20:09:39,020][flwr][INFO] - 	       [   8,   85,    7,   84,   13,    1,   20,   30,  716,   10],
[2024-08-06 20:09:39,021][flwr][INFO] - 	       [  20,   44,    7,   13,  125,    0,    7,  205,   15,  573]],
[2024-08-06 20:09:39,022][flwr][INFO] - 	      dtype=int64)),
[2024-08-06 20:09:39,023][flwr][INFO] - 	                      (9,
[2024-08-06 20:09:39,024][flwr][INFO] - 	                       array([[ 908,    0,    4,    8,    0,    2,   44,    3,   11,    0],
[2024-08-06 20:09:39,025][flwr][INFO] - 	       [   0, 1100,    5,    2,    0,    0,    4,    1,   23,    0],
[2024-08-06 20:09:39,025][flwr][INFO] - 	       [  15,  110,  766,   18,   19,    0,   36,   26,   41,    1],
[2024-08-06 20:09:39,026][flwr][INFO] - 	       [   6,   41,   38,  833,    0,    2,    9,   22,   55,    4],
[2024-08-06 20:09:39,027][flwr][INFO] - 	       [   3,   49,    3,    0,  843,    0,   45,    5,    4,   30],
[2024-08-06 20:09:39,028][flwr][INFO] - 	       [  30,  111,    3,  228,   29,  307,   48,   41,   72,   23],
[2024-08-06 20:09:39,028][flwr][INFO] - 	       [  23,   30,   19,    0,    8,    2,  873,    1,    2,    0],
[2024-08-06 20:09:39,030][flwr][INFO] - 	       [   6,   73,   16,    1,   10,    0,    2,  899,    8,   13],
[2024-08-06 20:09:39,031][flwr][INFO] - 	       [   9,   83,    9,   86,   15,    3,   19,   28,  709,   13],
[2024-08-06 20:09:39,031][flwr][INFO] - 	       [  24,   47,    9,   13,  111,    0,    7,  115,   12,  671]],
[2024-08-06 20:09:39,032][flwr][INFO] - 	      dtype=int64)),
[2024-08-06 20:09:39,033][flwr][INFO] - 	                      (10,
[2024-08-06 20:09:39,034][flwr][INFO] - 	                       array([[ 904,    0,    4,    5,    0,    0,   50,    4,   13,    0],
[2024-08-06 20:09:39,035][flwr][INFO] - 	       [   0, 1101,    9,    3,    0,    0,    4,    0,   18,    0],
[2024-08-06 20:09:39,036][flwr][INFO] - 	       [  16,  104,  751,   35,   18,    0,   33,   26,   48,    1],
[2024-08-06 20:09:39,037][flwr][INFO] - 	       [   7,   37,   26,  862,    0,    2,    9,   20,   39,    8],
[2024-08-06 20:09:39,038][flwr][INFO] - 	       [   3,   48,    4,    1,  703,    0,   44,    8,    5,  166],
[2024-08-06 20:09:39,039][flwr][INFO] - 	       [  34,  107,    1,  288,   23,  197,   48,   47,  102,   45],
[2024-08-06 20:09:39,040][flwr][INFO] - 	       [  21,   34,   19,    2,    7,    2,  869,    1,    3,    0],
[2024-08-06 20:09:39,040][flwr][INFO] - 	       [   6,   67,   17,    1,    8,    0,    3,  886,    7,   33],
[2024-08-06 20:09:39,041][flwr][INFO] - 	       [  11,   76,    9,   95,    7,    0,   20,   22,  707,   27],
[2024-08-06 20:09:39,042][flwr][INFO] - 	       [  23,   39,    8,   14,   55,    0,    6,   91,    9,  764]],
[2024-08-06 20:09:39,043][flwr][INFO] - 	      dtype=int64))],
[2024-08-06 20:09:39,044][flwr][INFO] - 	 'f1': [(0, 0.017493624772313296),
[2024-08-06 20:09:39,045][flwr][INFO] - 	        (1, 0.779814803510527),
[2024-08-06 20:09:39,046][flwr][INFO] - 	        (2, 0.7495748438375615),
[2024-08-06 20:09:39,047][flwr][INFO] - 	        (3, 0.7801888828685659),
[2024-08-06 20:09:39,048][flwr][INFO] - 	        (4, 0.7731822031602511),
[2024-08-06 20:09:39,048][flwr][INFO] - 	        (5, 0.7643439430069753),
[2024-08-06 20:09:39,050][flwr][INFO] - 	        (6, 0.7782199326311473),
[2024-08-06 20:09:39,050][flwr][INFO] - 	        (7, 0.7724782242346087),
[2024-08-06 20:09:39,051][flwr][INFO] - 	        (8, 0.7676303379004197),
[2024-08-06 20:09:39,052][flwr][INFO] - 	        (9, 0.7816824405247584),
[2024-08-06 20:09:39,053][flwr][INFO] - 	        (10, 0.7591869270434135)],
[2024-08-06 20:09:39,054][flwr][INFO] - 	 'precision': [(0, 0.009604000000000001),
[2024-08-06 20:09:39,055][flwr][INFO] - 	               (1, 0.8141129347211988),
[2024-08-06 20:09:39,056][flwr][INFO] - 	               (2, 0.7981575388685308),
[2024-08-06 20:09:39,057][flwr][INFO] - 	               (3, 0.8116901857185388),
[2024-08-06 20:09:39,058][flwr][INFO] - 	               (4, 0.8074059804056413),
[2024-08-06 20:09:39,059][flwr][INFO] - 	               (5, 0.8066849446525165),
[2024-08-06 20:09:39,060][flwr][INFO] - 	               (6, 0.8086974642828773),
[2024-08-06 20:09:39,060][flwr][INFO] - 	               (7, 0.8090587684211986),
[2024-08-06 20:09:39,061][flwr][INFO] - 	               (8, 0.8056655827470703),
[2024-08-06 20:09:39,062][flwr][INFO] - 	               (9, 0.8122084891316251),
[2024-08-06 20:09:39,063][flwr][INFO] - 	               (10, 0.7988054736208066)],
[2024-08-06 20:09:39,063][flwr][INFO] - 	 'recall': [(0, 0.098),
[2024-08-06 20:09:39,064][flwr][INFO] - 	            (1, 0.7906),
[2024-08-06 20:09:39,065][flwr][INFO] - 	            (2, 0.77),
[2024-08-06 20:09:39,066][flwr][INFO] - 	            (3, 0.7888),
[2024-08-06 20:09:39,067][flwr][INFO] - 	            (4, 0.7836),
[2024-08-06 20:09:39,068][flwr][INFO] - 	            (5, 0.7799),
[2024-08-06 20:09:39,070][flwr][INFO] - 	            (6, 0.7857),
[2024-08-06 20:09:39,071][flwr][INFO] - 	            (7, 0.7841),
[2024-08-06 20:09:39,072][flwr][INFO] - 	            (8, 0.7792),
[2024-08-06 20:09:39,073][flwr][INFO] - 	            (9, 0.7909),
[2024-08-06 20:09:39,073][flwr][INFO] - 	            (10, 0.7744)]}
[2024-08-06 20:09:39,074][flwr][INFO] - 
