[2024-08-05 17:19:47,296][flwr][INFO] - Starting Flower simulation, config: num_rounds=10, no round_timeout
[2024-08-05 17:19:56,522][flwr][INFO] - Flower VCE: Ray initialized with resources: {'node:__internal_head__': 1.0, 'memory': 2265359156.0, 'node:127.0.0.1': 1.0, 'object_store_memory': 1132679577.0, 'CPU': 16.0}
[2024-08-05 17:19:56,524][flwr][INFO] - Optimize your simulation with Flower VCE: https://flower.ai/docs/framework/how-to-run-simulations.html
[2024-08-05 17:19:56,525][flwr][INFO] - Flower VCE: Resources for each Virtual Client: {'num_cpus': 2, 'num_gpus': 0}
[2024-08-05 17:19:56,541][flwr][INFO] - Flower VCE: Creating VirtualClientEngineActorPool with 8 actors
[2024-08-05 17:19:56,542][flwr][INFO] - [INIT]
[2024-08-05 17:19:56,543][flwr][INFO] - Requesting initial parameters from one random client
[2024-08-05 17:20:02,875][flwr][INFO] - Received initial parameters from one random client
[2024-08-05 17:20:02,876][flwr][INFO] - Evaluating initial global parameters
[2024-08-05 17:20:13,661][flwr][INFO] - initial parameters (loss, other metrics): 182.20115995407104, {'accuracy': 0.0972, 'precision': 0.08184587102884604, 'recall': 0.0972, 'f1': 0.07509403156170097, 'confusion_matrix': array([[170, 241,  33, 180, 204,   0,  53,   0,   9,  90],
       [ 34, 197,  17,  11, 373,  41,   0,  37,  14, 411],
       [227,  65,  21,  31, 340,  13, 137,  17,   6, 175],
       [182,  28,  22,  53, 319,  20,  48,  33,  12, 293],
       [310, 141,  18,  48, 205,   6,  21,  21,   7, 205],
       [ 88,  89,  53,  84, 373,  12,  25,  29,  23, 116],
       [517, 142,   8,  49, 122,  15,  13,  10,   7,  75],
       [169,  97,  36, 108, 183,  40,  71,   3,   3, 318],
       [113,  21,   7,  15, 350,  63,  27,  65,   6, 307],
       [364,  54,  45,  47, 159,   5,  18,  24,   1, 292]], dtype=int64)}
[2024-08-05 17:20:13,666][flwr][INFO] - 
[2024-08-05 17:20:13,667][flwr][INFO] - [ROUND 1]
[2024-08-05 17:20:13,668][flwr][INFO] - configure_fit: strategy sampled 10 clients (out of 10)
[2024-08-05 17:20:55,388][flwr][INFO] - aggregate_fit: received 10 results and 0 failures
[2024-08-05 17:20:55,399][flwr][WARNING] - No fit_metrics_aggregation_fn provided
[2024-08-05 17:21:04,511][flwr][INFO] - fit progress: (1, 154.07867300510406, {'accuracy': 0.584, 'precision': 0.7776602220079274, 'recall': 0.584, 'f1': 0.5996337884825678, 'confusion_matrix': array([[447,   0,   2,   9,   0,  21,  31,   0, 462,   8],
       [  0, 920,   1,   8,   0,   0,   0,   0, 206,   0],
       [  0,  15, 690,  11,   9,   0,   2,   1, 301,   3],
       [  0,  25,   4, 573,   0,   1,   0,   4, 400,   3],
       [  0,   0,   0,   1, 537,   0,   0,   0, 132, 312],
       [  1,   2,   0,  32,  14,  18,   5,   1, 810,   9],
       [  0,   1,   4,   3,   7,   0, 574,   0, 368,   1],
       [  0,  10,   9,  30,   0,   0,   0, 359, 129, 491],
       [  0,   0,   0,   2,   1,   0,   1,   0, 964,   6],
       [  0,   4,   1,   1,  62,   0,   0,   0, 183, 758]], dtype=int64)}, 50.844789599999785)
[2024-08-05 17:21:04,516][flwr][INFO] - configure_evaluate: no clients selected, skipping evaluation
[2024-08-05 17:21:04,518][flwr][INFO] - 
[2024-08-05 17:21:04,519][flwr][INFO] - [ROUND 2]
[2024-08-05 17:21:04,520][flwr][INFO] - configure_fit: strategy sampled 10 clients (out of 10)
[2024-08-05 17:21:32,287][flwr][INFO] - aggregate_fit: received 10 results and 0 failures
[2024-08-05 17:21:42,203][flwr][INFO] - fit progress: (2, 31.59564469009638, {'accuracy': 0.8869, 'precision': 0.8952832418399638, 'recall': 0.8869, 'f1': 0.887413639441239, 'confusion_matrix': array([[ 885,    0,    5,    3,   12,   18,   22,    1,   31,    3],
       [   0, 1095,    6,    2,    2,    0,    6,    1,   23,    0],
       [   2,    3,  938,   13,   22,    4,   16,   11,   21,    2],
       [   0,    2,   32,  898,    3,   13,    1,   20,   26,   15],
       [   0,    0,    4,    0,  960,    0,   10,    0,    4,    4],
       [   4,    1,    4,   68,   39,  697,   18,    4,   46,   11],
       [   3,    2,    6,    0,   21,    8,  913,    0,    5,    0],
       [   0,    3,   28,    0,   28,    0,    2,  859,    4,  104],
       [   2,    6,   11,   11,   24,    4,   11,    1,  886,   18],
       [   3,    5,    2,   13,  234,    3,    0,    1,   10,  738]],
      dtype=int64)}, 88.53658970003016)
[2024-08-05 17:21:42,211][flwr][INFO] - configure_evaluate: no clients selected, skipping evaluation
[2024-08-05 17:21:42,212][flwr][INFO] - 
[2024-08-05 17:21:42,213][flwr][INFO] - [ROUND 3]
[2024-08-05 17:21:42,215][flwr][INFO] - configure_fit: strategy sampled 10 clients (out of 10)
[2024-08-05 17:22:12,449][flwr][INFO] - aggregate_fit: received 10 results and 0 failures
[2024-08-05 17:22:21,009][flwr][INFO] - fit progress: (3, 25.879436505958438, {'accuracy': 0.9114, 'precision': 0.9157012252576866, 'recall': 0.9114, 'f1': 0.9119845684175291, 'confusion_matrix': array([[ 867,    0,    7,    3,    7,   33,   12,    3,   44,    4],
       [   0, 1107,    3,    3,    2,    0,    3,    0,   16,    1],
       [   1,    1,  914,   20,   22,    4,   10,   15,   41,    4],
       [   0,    0,   17,  917,    2,   13,    0,   11,   33,   17],
       [   0,    1,    1,    0,  947,    0,    7,    1,    3,   22],
       [   2,    1,    0,   45,   16,  777,   12,    1,   26,   12],
       [   2,    3,    4,    0,   22,   12,  901,    0,   14,    0],
       [   0,    7,   23,    3,   22,    1,    0,  881,    0,   91],
       [   0,    2,    3,   13,   17,    3,    3,    3,  908,   22],
       [   2,    3,    0,   16,   75,    2,    1,    3,   12,  895]],
      dtype=int64)}, 127.34307820000686)
[2024-08-05 17:22:21,150][flwr][INFO] - configure_evaluate: no clients selected, skipping evaluation
[2024-08-05 17:22:21,151][flwr][INFO] - 
[2024-08-05 17:22:21,152][flwr][INFO] - [ROUND 4]
[2024-08-05 17:22:21,154][flwr][INFO] - configure_fit: strategy sampled 10 clients (out of 10)
[2024-08-05 17:22:49,614][flwr][INFO] - aggregate_fit: received 10 results and 0 failures
[2024-08-05 17:22:58,016][flwr][INFO] - fit progress: (4, 21.14412311464548, {'accuracy': 0.9259, 'precision': 0.9303458687349181, 'recall': 0.9259, 'f1': 0.9265653255187081, 'confusion_matrix': array([[ 924,    0,    0,    2,    2,    3,    8,    3,   34,    4],
       [   0, 1081,    4,    2,    3,    2,    6,    5,   32,    0],
       [   1,    0,  918,   19,   12,    1,   12,   25,   41,    3],
       [   0,    0,   19,  919,    1,    8,    0,   14,   37,   12],
       [   0,    0,    1,    0,  911,    0,   11,    1,   11,   47],
       [   3,    0,    1,   60,    4,  747,   10,    4,   51,   12],
       [   3,    3,    2,    1,   10,    5,  912,    0,   22,    0],
       [   0,    2,   21,    1,   11,    0,    0,  960,    3,   30],
       [   0,    1,    3,   12,    5,    1,    2,    4,  940,    6],
       [   2,    2,    0,   14,   24,    0,    1,    3,   16,  947]],
      dtype=int64)}, 164.35067710001022)
[2024-08-05 17:22:58,028][flwr][INFO] - configure_evaluate: no clients selected, skipping evaluation
[2024-08-05 17:22:58,029][flwr][INFO] - 
[2024-08-05 17:22:58,030][flwr][INFO] - [ROUND 5]
[2024-08-05 17:22:58,031][flwr][INFO] - configure_fit: strategy sampled 10 clients (out of 10)
[2024-08-05 17:23:26,242][flwr][INFO] - aggregate_fit: received 10 results and 0 failures
[2024-08-05 17:23:34,969][flwr][INFO] - fit progress: (5, 22.77170297689736, {'accuracy': 0.9241, 'precision': 0.9304039935982666, 'recall': 0.9241, 'f1': 0.9253002092010655, 'confusion_matrix': array([[ 922,    0,    0,    3,    2,    3,    8,    1,   39,    2],
       [   0, 1098,    4,    2,    0,    1,    5,    3,   21,    1],
       [   0,    1,  926,    9,    8,    1,    3,   21,   61,    2],
       [   0,    0,   18,  885,    2,   24,    0,   12,   60,    9],
       [   1,    0,    2,    0,  939,    0,    7,    0,   15,   18],
       [   3,    0,    3,   23,    3,  792,    6,    0,   56,    6],
       [   3,    3,   12,    1,    7,    6,  902,    0,   24,    0],
       [   0,    3,   21,    0,   14,    0,    0,  947,    6,   37],
       [   0,    0,    4,    6,    7,    2,    0,    3,  946,    6],
       [   1,    2,    0,    6,   81,    2,    1,    3,   29,  884]],
      dtype=int64)}, 201.30299600004219)
[2024-08-05 17:23:34,976][flwr][INFO] - configure_evaluate: no clients selected, skipping evaluation
[2024-08-05 17:23:34,977][flwr][INFO] - 
[2024-08-05 17:23:34,979][flwr][INFO] - [ROUND 6]
[2024-08-05 17:23:34,980][flwr][INFO] - configure_fit: strategy sampled 10 clients (out of 10)
[2024-08-05 17:24:04,836][flwr][INFO] - aggregate_fit: received 10 results and 0 failures
[2024-08-05 17:24:14,279][flwr][INFO] - fit progress: (6, 24.509804241359234, {'accuracy': 0.9189, 'precision': 0.9249352585665567, 'recall': 0.9189, 'f1': 0.9201259445967825, 'confusion_matrix': array([[ 928,    0,    0,    1,    2,    4,    0,    1,   44,    0],
       [   0, 1052,    9,    3,    9,    3,    3,    4,   35,   17],
       [   0,    0,  911,   22,    9,    6,    0,   23,   59,    2],
       [   0,    0,   14,  908,    2,   17,    0,   17,   41,   11],
       [   1,    0,    3,    0,  936,    0,    4,    0,   11,   27],
       [   3,    0,    3,   28,    7,  799,    6,    1,   40,    5],
       [   6,    1,   33,    1,   11,   11,  864,    0,   31,    0],
       [   0,    1,   16,    0,   12,    0,    0,  951,   13,   35],
       [   0,    0,    2,    8,    7,    5,    0,    4,  939,    9],
       [   2,    0,    1,   11,   69,    2,    0,    3,   20,  901]],
      dtype=int64)}, 240.61359419999644)
[2024-08-05 17:24:14,291][flwr][INFO] - configure_evaluate: no clients selected, skipping evaluation
[2024-08-05 17:24:14,292][flwr][INFO] - 
[2024-08-05 17:24:14,294][flwr][INFO] - [ROUND 7]
[2024-08-05 17:24:14,296][flwr][INFO] - configure_fit: strategy sampled 10 clients (out of 10)
[2024-08-05 17:24:40,386][flwr][INFO] - aggregate_fit: received 10 results and 0 failures
[2024-08-05 17:24:48,644][flwr][INFO] - fit progress: (7, 29.76248489320278, {'accuracy': 0.8891, 'precision': 0.9043050466502129, 'recall': 0.8891, 'f1': 0.8905373084363442, 'confusion_matrix': array([[ 926,    1,    0,    0,    4,    1,    1,    0,   44,    3],
       [   1, 1092,    4,    2,    1,    0,    0,    0,   34,    1],
       [   9,    0,  890,    9,   10,    0,    2,   24,   86,    2],
       [  11,    0,    5,  871,    7,    2,    0,   14,   94,    6],
       [   4,    1,    1,    0,  938,    0,    4,    0,   22,   12],
       [   6,   13,    3,   92,    8,  666,    1,    2,   94,    7],
       [   5,  116,   20,    3,   12,    3,  771,    0,   28,    0],
       [   8,    1,   18,    9,   20,    0,    0,  929,   19,   24],
       [   2,    2,    1,    1,    5,    1,    1,    2,  956,    3],
       [   5,    2,    0,    4,  109,    0,    0,    2,   35,  852]],
      dtype=int64)}, 274.97913739993237)
[2024-08-05 17:24:48,656][flwr][INFO] - configure_evaluate: no clients selected, skipping evaluation
[2024-08-05 17:24:48,656][flwr][INFO] - 
[2024-08-05 17:24:48,657][flwr][INFO] - [ROUND 8]
[2024-08-05 17:24:48,662][flwr][INFO] - configure_fit: strategy sampled 10 clients (out of 10)
[2024-08-05 17:25:17,245][flwr][INFO] - aggregate_fit: received 10 results and 0 failures
[2024-08-05 17:25:25,944][flwr][INFO] - fit progress: (8, 27.019335847347975, {'accuracy': 0.8998, 'precision': 0.9121321167283151, 'recall': 0.8998, 'f1': 0.900797125530312, 'confusion_matrix': array([[ 953,    0,    0,    0,    0,    1,    0,    1,   25,    0],
       [   2, 1105,    4,    0,    0,    1,    0,    3,   19,    1],
       [  12,    0,  908,    3,   10,    0,    2,   22,   73,    2],
       [  23,    0,    9,  843,    5,    0,    0,   17,   95,   18],
       [  10,    0,    1,    0,  912,    0,    4,    0,   26,   29],
       [  15,   10,    2,   55,    6,  697,    3,    2,   98,    4],
       [  12,  113,   14,    2,   14,    2,  760,    0,   41,    0],
       [  11,    1,   18,    4,    7,    0,    0,  955,    9,   23],
       [   5,    2,    2,    1,    5,    1,    0,    3,  952,    3],
       [   6,    2,    0,    4,   47,    0,    0,    3,   34,  913]],
      dtype=int64)}, 312.2776659000665)
[2024-08-05 17:25:25,954][flwr][INFO] - configure_evaluate: no clients selected, skipping evaluation
[2024-08-05 17:25:25,955][flwr][INFO] - 
[2024-08-05 17:25:25,956][flwr][INFO] - [ROUND 9]
[2024-08-05 17:25:25,957][flwr][INFO] - configure_fit: strategy sampled 10 clients (out of 10)
[2024-08-05 17:25:52,865][flwr][INFO] - aggregate_fit: received 10 results and 0 failures
[2024-08-05 17:26:01,512][flwr][INFO] - fit progress: (9, 27.45526697859168, {'accuracy': 0.9059, 'precision': 0.9172012203267562, 'recall': 0.9059, 'f1': 0.9071899321429612, 'confusion_matrix': array([[ 943,    0,    0,    0,    0,    1,    1,    1,   33,    1],
       [   1, 1102,    4,    1,    0,    1,    3,    2,   21,    0],
       [  11,    0,  919,    3,    4,    0,    1,   17,   74,    3],
       [  22,    0,   16,  852,    1,    4,    0,   13,   90,   12],
       [  48,    0,    0,    0,  849,    0,    5,    0,   31,   49],
       [  26,    3,    1,   31,    1,  733,   15,    2,   73,    7],
       [  13,   88,   18,    3,    5,    3,  798,    0,   30,    0],
       [  11,    1,   20,    5,    3,    0,    0,  960,    9,   19],
       [   5,    2,    2,    0,    2,    1,    0,    2,  956,    4],
       [  11,    3,    0,    3,   11,    0,    0,    2,   32,  947]],
      dtype=int64)}, 347.8457601000555)
[2024-08-05 17:26:01,518][flwr][INFO] - configure_evaluate: no clients selected, skipping evaluation
[2024-08-05 17:26:01,520][flwr][INFO] - 
[2024-08-05 17:26:01,521][flwr][INFO] - [ROUND 10]
[2024-08-05 17:26:01,523][flwr][INFO] - configure_fit: strategy sampled 10 clients (out of 10)
[2024-08-05 17:26:32,067][flwr][INFO] - aggregate_fit: received 10 results and 0 failures
[2024-08-05 17:26:42,225][flwr][INFO] - fit progress: (10, 27.933847475796938, {'accuracy': 0.8944, 'precision': 0.9068235104601652, 'recall': 0.8944, 'f1': 0.8945461962607469, 'confusion_matrix': array([[ 892,    0,    0,    0,   69,    4,    0,    1,   14,    0],
       [   0, 1097,    4,    0,    1,    6,    3,    2,   22,    0],
       [   1,    0,  962,    4,   20,    0,    0,   10,   34,    1],
       [   0,    0,   20,  848,   50,    2,    0,    4,   75,   11],
       [   0,    1,    1,    0,  910,    3,    3,    0,   14,   50],
       [   1,   14,    2,    8,   51,  756,    8,    1,   46,    5],
       [   2,  212,   17,    2,   22,   24,  659,    0,   20,    0],
       [   0,    1,   22,    5,   39,    1,    0,  920,   13,   27],
       [   0,    1,    2,    0,    9,    4,    0,    0,  952,    6],
       [   1,    3,    0,    3,   23,    0,    0,    3,   28,  948]],
      dtype=int64)}, 388.5597792000044)
[2024-08-05 17:26:42,237][flwr][INFO] - configure_evaluate: no clients selected, skipping evaluation
[2024-08-05 17:26:42,241][flwr][INFO] - 
[2024-08-05 17:26:42,242][flwr][INFO] - [SUMMARY]
[2024-08-05 17:26:42,243][flwr][INFO] - Run finished 10 round(s) in 388.57s
[2024-08-05 17:26:42,277][flwr][INFO] - 	History (loss, centralized):
[2024-08-05 17:26:42,310][flwr][INFO] - 		round 0: 182.20115995407104
[2024-08-05 17:26:42,311][flwr][INFO] - 		round 1: 154.07867300510406
[2024-08-05 17:26:42,312][flwr][INFO] - 		round 2: 31.59564469009638
[2024-08-05 17:26:42,313][flwr][INFO] - 		round 3: 25.879436505958438
[2024-08-05 17:26:42,313][flwr][INFO] - 		round 4: 21.14412311464548
[2024-08-05 17:26:42,314][flwr][INFO] - 		round 5: 22.77170297689736
[2024-08-05 17:26:42,315][flwr][INFO] - 		round 6: 24.509804241359234
[2024-08-05 17:26:42,316][flwr][INFO] - 		round 7: 29.76248489320278
[2024-08-05 17:26:42,317][flwr][INFO] - 		round 8: 27.019335847347975
[2024-08-05 17:26:42,319][flwr][INFO] - 		round 9: 27.45526697859168
[2024-08-05 17:26:42,320][flwr][INFO] - 		round 10: 27.933847475796938
[2024-08-05 17:26:42,321][flwr][INFO] - 	History (metrics, centralized):
[2024-08-05 17:26:42,322][flwr][INFO] - 	{'accuracy': [(0, 0.0972),
[2024-08-05 17:26:42,323][flwr][INFO] - 	              (1, 0.584),
[2024-08-05 17:26:42,324][flwr][INFO] - 	              (2, 0.8869),
[2024-08-05 17:26:42,324][flwr][INFO] - 	              (3, 0.9114),
[2024-08-05 17:26:42,324][flwr][INFO] - 	              (4, 0.9259),
[2024-08-05 17:26:42,325][flwr][INFO] - 	              (5, 0.9241),
[2024-08-05 17:26:42,325][flwr][INFO] - 	              (6, 0.9189),
[2024-08-05 17:26:42,326][flwr][INFO] - 	              (7, 0.8891),
[2024-08-05 17:26:42,326][flwr][INFO] - 	              (8, 0.8998),
[2024-08-05 17:26:42,326][flwr][INFO] - 	              (9, 0.9059),
[2024-08-05 17:26:42,327][flwr][INFO] - 	              (10, 0.8944)],
[2024-08-05 17:26:42,327][flwr][INFO] - 	 'confusion_matrix': [(0,
[2024-08-05 17:26:42,328][flwr][INFO] - 	                       array([[170, 241,  33, 180, 204,   0,  53,   0,   9,  90],
[2024-08-05 17:26:42,328][flwr][INFO] - 	       [ 34, 197,  17,  11, 373,  41,   0,  37,  14, 411],
[2024-08-05 17:26:42,329][flwr][INFO] - 	       [227,  65,  21,  31, 340,  13, 137,  17,   6, 175],
[2024-08-05 17:26:42,329][flwr][INFO] - 	       [182,  28,  22,  53, 319,  20,  48,  33,  12, 293],
[2024-08-05 17:26:42,330][flwr][INFO] - 	       [310, 141,  18,  48, 205,   6,  21,  21,   7, 205],
[2024-08-05 17:26:42,331][flwr][INFO] - 	       [ 88,  89,  53,  84, 373,  12,  25,  29,  23, 116],
[2024-08-05 17:26:42,332][flwr][INFO] - 	       [517, 142,   8,  49, 122,  15,  13,  10,   7,  75],
[2024-08-05 17:26:42,333][flwr][INFO] - 	       [169,  97,  36, 108, 183,  40,  71,   3,   3, 318],
[2024-08-05 17:26:42,333][flwr][INFO] - 	       [113,  21,   7,  15, 350,  63,  27,  65,   6, 307],
[2024-08-05 17:26:42,333][flwr][INFO] - 	       [364,  54,  45,  47, 159,   5,  18,  24,   1, 292]], dtype=int64)),
[2024-08-05 17:26:42,334][flwr][INFO] - 	                      (1,
[2024-08-05 17:26:42,335][flwr][INFO] - 	                       array([[447,   0,   2,   9,   0,  21,  31,   0, 462,   8],
[2024-08-05 17:26:42,335][flwr][INFO] - 	       [  0, 920,   1,   8,   0,   0,   0,   0, 206,   0],
[2024-08-05 17:26:42,335][flwr][INFO] - 	       [  0,  15, 690,  11,   9,   0,   2,   1, 301,   3],
[2024-08-05 17:26:42,337][flwr][INFO] - 	       [  0,  25,   4, 573,   0,   1,   0,   4, 400,   3],
[2024-08-05 17:26:42,337][flwr][INFO] - 	       [  0,   0,   0,   1, 537,   0,   0,   0, 132, 312],
[2024-08-05 17:26:42,337][flwr][INFO] - 	       [  1,   2,   0,  32,  14,  18,   5,   1, 810,   9],
[2024-08-05 17:26:42,338][flwr][INFO] - 	       [  0,   1,   4,   3,   7,   0, 574,   0, 368,   1],
[2024-08-05 17:26:42,338][flwr][INFO] - 	       [  0,  10,   9,  30,   0,   0,   0, 359, 129, 491],
[2024-08-05 17:26:42,338][flwr][INFO] - 	       [  0,   0,   0,   2,   1,   0,   1,   0, 964,   6],
[2024-08-05 17:26:42,338][flwr][INFO] - 	       [  0,   4,   1,   1,  62,   0,   0,   0, 183, 758]], dtype=int64)),
[2024-08-05 17:26:42,338][flwr][INFO] - 	                      (2,
[2024-08-05 17:26:42,339][flwr][INFO] - 	                       array([[ 885,    0,    5,    3,   12,   18,   22,    1,   31,    3],
[2024-08-05 17:26:42,339][flwr][INFO] - 	       [   0, 1095,    6,    2,    2,    0,    6,    1,   23,    0],
[2024-08-05 17:26:42,339][flwr][INFO] - 	       [   2,    3,  938,   13,   22,    4,   16,   11,   21,    2],
[2024-08-05 17:26:42,340][flwr][INFO] - 	       [   0,    2,   32,  898,    3,   13,    1,   20,   26,   15],
[2024-08-05 17:26:42,340][flwr][INFO] - 	       [   0,    0,    4,    0,  960,    0,   10,    0,    4,    4],
[2024-08-05 17:26:42,340][flwr][INFO] - 	       [   4,    1,    4,   68,   39,  697,   18,    4,   46,   11],
[2024-08-05 17:26:42,341][flwr][INFO] - 	       [   3,    2,    6,    0,   21,    8,  913,    0,    5,    0],
[2024-08-05 17:26:42,342][flwr][INFO] - 	       [   0,    3,   28,    0,   28,    0,    2,  859,    4,  104],
[2024-08-05 17:26:42,342][flwr][INFO] - 	       [   2,    6,   11,   11,   24,    4,   11,    1,  886,   18],
[2024-08-05 17:26:42,343][flwr][INFO] - 	       [   3,    5,    2,   13,  234,    3,    0,    1,   10,  738]],
[2024-08-05 17:26:42,343][flwr][INFO] - 	      dtype=int64)),
[2024-08-05 17:26:42,344][flwr][INFO] - 	                      (3,
[2024-08-05 17:26:42,344][flwr][INFO] - 	                       array([[ 867,    0,    7,    3,    7,   33,   12,    3,   44,    4],
[2024-08-05 17:26:42,345][flwr][INFO] - 	       [   0, 1107,    3,    3,    2,    0,    3,    0,   16,    1],
[2024-08-05 17:26:42,345][flwr][INFO] - 	       [   1,    1,  914,   20,   22,    4,   10,   15,   41,    4],
[2024-08-05 17:26:42,345][flwr][INFO] - 	       [   0,    0,   17,  917,    2,   13,    0,   11,   33,   17],
[2024-08-05 17:26:42,347][flwr][INFO] - 	       [   0,    1,    1,    0,  947,    0,    7,    1,    3,   22],
[2024-08-05 17:26:42,348][flwr][INFO] - 	       [   2,    1,    0,   45,   16,  777,   12,    1,   26,   12],
[2024-08-05 17:26:42,348][flwr][INFO] - 	       [   2,    3,    4,    0,   22,   12,  901,    0,   14,    0],
[2024-08-05 17:26:42,349][flwr][INFO] - 	       [   0,    7,   23,    3,   22,    1,    0,  881,    0,   91],
[2024-08-05 17:26:42,349][flwr][INFO] - 	       [   0,    2,    3,   13,   17,    3,    3,    3,  908,   22],
[2024-08-05 17:26:42,350][flwr][INFO] - 	       [   2,    3,    0,   16,   75,    2,    1,    3,   12,  895]],
[2024-08-05 17:26:42,350][flwr][INFO] - 	      dtype=int64)),
[2024-08-05 17:26:42,350][flwr][INFO] - 	                      (4,
[2024-08-05 17:26:42,351][flwr][INFO] - 	                       array([[ 924,    0,    0,    2,    2,    3,    8,    3,   34,    4],
[2024-08-05 17:26:42,352][flwr][INFO] - 	       [   0, 1081,    4,    2,    3,    2,    6,    5,   32,    0],
[2024-08-05 17:26:42,352][flwr][INFO] - 	       [   1,    0,  918,   19,   12,    1,   12,   25,   41,    3],
[2024-08-05 17:26:42,353][flwr][INFO] - 	       [   0,    0,   19,  919,    1,    8,    0,   14,   37,   12],
[2024-08-05 17:26:42,353][flwr][INFO] - 	       [   0,    0,    1,    0,  911,    0,   11,    1,   11,   47],
[2024-08-05 17:26:42,354][flwr][INFO] - 	       [   3,    0,    1,   60,    4,  747,   10,    4,   51,   12],
[2024-08-05 17:26:42,354][flwr][INFO] - 	       [   3,    3,    2,    1,   10,    5,  912,    0,   22,    0],
[2024-08-05 17:26:42,354][flwr][INFO] - 	       [   0,    2,   21,    1,   11,    0,    0,  960,    3,   30],
[2024-08-05 17:26:42,355][flwr][INFO] - 	       [   0,    1,    3,   12,    5,    1,    2,    4,  940,    6],
[2024-08-05 17:26:42,355][flwr][INFO] - 	       [   2,    2,    0,   14,   24,    0,    1,    3,   16,  947]],
[2024-08-05 17:26:42,355][flwr][INFO] - 	      dtype=int64)),
[2024-08-05 17:26:42,355][flwr][INFO] - 	                      (5,
[2024-08-05 17:26:42,357][flwr][INFO] - 	                       array([[ 922,    0,    0,    3,    2,    3,    8,    1,   39,    2],
[2024-08-05 17:26:42,357][flwr][INFO] - 	       [   0, 1098,    4,    2,    0,    1,    5,    3,   21,    1],
[2024-08-05 17:26:42,358][flwr][INFO] - 	       [   0,    1,  926,    9,    8,    1,    3,   21,   61,    2],
[2024-08-05 17:26:42,358][flwr][INFO] - 	       [   0,    0,   18,  885,    2,   24,    0,   12,   60,    9],
[2024-08-05 17:26:42,359][flwr][INFO] - 	       [   1,    0,    2,    0,  939,    0,    7,    0,   15,   18],
[2024-08-05 17:26:42,359][flwr][INFO] - 	       [   3,    0,    3,   23,    3,  792,    6,    0,   56,    6],
[2024-08-05 17:26:42,360][flwr][INFO] - 	       [   3,    3,   12,    1,    7,    6,  902,    0,   24,    0],
[2024-08-05 17:26:42,361][flwr][INFO] - 	       [   0,    3,   21,    0,   14,    0,    0,  947,    6,   37],
[2024-08-05 17:26:42,362][flwr][INFO] - 	       [   0,    0,    4,    6,    7,    2,    0,    3,  946,    6],
[2024-08-05 17:26:42,362][flwr][INFO] - 	       [   1,    2,    0,    6,   81,    2,    1,    3,   29,  884]],
[2024-08-05 17:26:42,363][flwr][INFO] - 	      dtype=int64)),
[2024-08-05 17:26:42,364][flwr][INFO] - 	                      (6,
[2024-08-05 17:26:42,364][flwr][INFO] - 	                       array([[ 928,    0,    0,    1,    2,    4,    0,    1,   44,    0],
[2024-08-05 17:26:42,365][flwr][INFO] - 	       [   0, 1052,    9,    3,    9,    3,    3,    4,   35,   17],
[2024-08-05 17:26:42,365][flwr][INFO] - 	       [   0,    0,  911,   22,    9,    6,    0,   23,   59,    2],
[2024-08-05 17:26:42,366][flwr][INFO] - 	       [   0,    0,   14,  908,    2,   17,    0,   17,   41,   11],
[2024-08-05 17:26:42,367][flwr][INFO] - 	       [   1,    0,    3,    0,  936,    0,    4,    0,   11,   27],
[2024-08-05 17:26:42,367][flwr][INFO] - 	       [   3,    0,    3,   28,    7,  799,    6,    1,   40,    5],
[2024-08-05 17:26:42,368][flwr][INFO] - 	       [   6,    1,   33,    1,   11,   11,  864,    0,   31,    0],
[2024-08-05 17:26:42,368][flwr][INFO] - 	       [   0,    1,   16,    0,   12,    0,    0,  951,   13,   35],
[2024-08-05 17:26:42,369][flwr][INFO] - 	       [   0,    0,    2,    8,    7,    5,    0,    4,  939,    9],
[2024-08-05 17:26:42,370][flwr][INFO] - 	       [   2,    0,    1,   11,   69,    2,    0,    3,   20,  901]],
[2024-08-05 17:26:42,370][flwr][INFO] - 	      dtype=int64)),
[2024-08-05 17:26:42,371][flwr][INFO] - 	                      (7,
[2024-08-05 17:26:42,372][flwr][INFO] - 	                       array([[ 926,    1,    0,    0,    4,    1,    1,    0,   44,    3],
[2024-08-05 17:26:42,373][flwr][INFO] - 	       [   1, 1092,    4,    2,    1,    0,    0,    0,   34,    1],
[2024-08-05 17:26:42,375][flwr][INFO] - 	       [   9,    0,  890,    9,   10,    0,    2,   24,   86,    2],
[2024-08-05 17:26:42,376][flwr][INFO] - 	       [  11,    0,    5,  871,    7,    2,    0,   14,   94,    6],
[2024-08-05 17:26:42,377][flwr][INFO] - 	       [   4,    1,    1,    0,  938,    0,    4,    0,   22,   12],
[2024-08-05 17:26:42,378][flwr][INFO] - 	       [   6,   13,    3,   92,    8,  666,    1,    2,   94,    7],
[2024-08-05 17:26:42,379][flwr][INFO] - 	       [   5,  116,   20,    3,   12,    3,  771,    0,   28,    0],
[2024-08-05 17:26:42,380][flwr][INFO] - 	       [   8,    1,   18,    9,   20,    0,    0,  929,   19,   24],
[2024-08-05 17:26:42,380][flwr][INFO] - 	       [   2,    2,    1,    1,    5,    1,    1,    2,  956,    3],
[2024-08-05 17:26:42,381][flwr][INFO] - 	       [   5,    2,    0,    4,  109,    0,    0,    2,   35,  852]],
[2024-08-05 17:26:42,382][flwr][INFO] - 	      dtype=int64)),
[2024-08-05 17:26:42,383][flwr][INFO] - 	                      (8,
[2024-08-05 17:26:42,384][flwr][INFO] - 	                       array([[ 953,    0,    0,    0,    0,    1,    0,    1,   25,    0],
[2024-08-05 17:26:42,385][flwr][INFO] - 	       [   2, 1105,    4,    0,    0,    1,    0,    3,   19,    1],
[2024-08-05 17:26:42,385][flwr][INFO] - 	       [  12,    0,  908,    3,   10,    0,    2,   22,   73,    2],
[2024-08-05 17:26:42,387][flwr][INFO] - 	       [  23,    0,    9,  843,    5,    0,    0,   17,   95,   18],
[2024-08-05 17:26:42,388][flwr][INFO] - 	       [  10,    0,    1,    0,  912,    0,    4,    0,   26,   29],
[2024-08-05 17:26:42,389][flwr][INFO] - 	       [  15,   10,    2,   55,    6,  697,    3,    2,   98,    4],
[2024-08-05 17:26:42,390][flwr][INFO] - 	       [  12,  113,   14,    2,   14,    2,  760,    0,   41,    0],
[2024-08-05 17:26:42,390][flwr][INFO] - 	       [  11,    1,   18,    4,    7,    0,    0,  955,    9,   23],
[2024-08-05 17:26:42,391][flwr][INFO] - 	       [   5,    2,    2,    1,    5,    1,    0,    3,  952,    3],
[2024-08-05 17:26:42,392][flwr][INFO] - 	       [   6,    2,    0,    4,   47,    0,    0,    3,   34,  913]],
[2024-08-05 17:26:42,393][flwr][INFO] - 	      dtype=int64)),
[2024-08-05 17:26:42,394][flwr][INFO] - 	                      (9,
[2024-08-05 17:26:42,395][flwr][INFO] - 	                       array([[ 943,    0,    0,    0,    0,    1,    1,    1,   33,    1],
[2024-08-05 17:26:42,396][flwr][INFO] - 	       [   1, 1102,    4,    1,    0,    1,    3,    2,   21,    0],
[2024-08-05 17:26:42,397][flwr][INFO] - 	       [  11,    0,  919,    3,    4,    0,    1,   17,   74,    3],
[2024-08-05 17:26:42,397][flwr][INFO] - 	       [  22,    0,   16,  852,    1,    4,    0,   13,   90,   12],
[2024-08-05 17:26:42,398][flwr][INFO] - 	       [  48,    0,    0,    0,  849,    0,    5,    0,   31,   49],
[2024-08-05 17:26:42,399][flwr][INFO] - 	       [  26,    3,    1,   31,    1,  733,   15,    2,   73,    7],
[2024-08-05 17:26:42,400][flwr][INFO] - 	       [  13,   88,   18,    3,    5,    3,  798,    0,   30,    0],
[2024-08-05 17:26:42,400][flwr][INFO] - 	       [  11,    1,   20,    5,    3,    0,    0,  960,    9,   19],
[2024-08-05 17:26:42,401][flwr][INFO] - 	       [   5,    2,    2,    0,    2,    1,    0,    2,  956,    4],
[2024-08-05 17:26:42,402][flwr][INFO] - 	       [  11,    3,    0,    3,   11,    0,    0,    2,   32,  947]],
[2024-08-05 17:26:42,403][flwr][INFO] - 	      dtype=int64)),
[2024-08-05 17:26:42,403][flwr][INFO] - 	                      (10,
[2024-08-05 17:26:42,404][flwr][INFO] - 	                       array([[ 892,    0,    0,    0,   69,    4,    0,    1,   14,    0],
[2024-08-05 17:26:42,405][flwr][INFO] - 	       [   0, 1097,    4,    0,    1,    6,    3,    2,   22,    0],
[2024-08-05 17:26:42,407][flwr][INFO] - 	       [   1,    0,  962,    4,   20,    0,    0,   10,   34,    1],
[2024-08-05 17:26:42,408][flwr][INFO] - 	       [   0,    0,   20,  848,   50,    2,    0,    4,   75,   11],
[2024-08-05 17:26:42,409][flwr][INFO] - 	       [   0,    1,    1,    0,  910,    3,    3,    0,   14,   50],
[2024-08-05 17:26:42,410][flwr][INFO] - 	       [   1,   14,    2,    8,   51,  756,    8,    1,   46,    5],
[2024-08-05 17:26:42,410][flwr][INFO] - 	       [   2,  212,   17,    2,   22,   24,  659,    0,   20,    0],
[2024-08-05 17:26:42,411][flwr][INFO] - 	       [   0,    1,   22,    5,   39,    1,    0,  920,   13,   27],
[2024-08-05 17:26:42,412][flwr][INFO] - 	       [   0,    1,    2,    0,    9,    4,    0,    0,  952,    6],
[2024-08-05 17:26:42,413][flwr][INFO] - 	       [   1,    3,    0,    3,   23,    0,    0,    3,   28,  948]],
[2024-08-05 17:26:42,414][flwr][INFO] - 	      dtype=int64))],
[2024-08-05 17:26:42,415][flwr][INFO] - 	 'f1': [(0, 0.07509403156170097),
[2024-08-05 17:26:42,415][flwr][INFO] - 	        (1, 0.5996337884825678),
[2024-08-05 17:26:42,416][flwr][INFO] - 	        (2, 0.887413639441239),
[2024-08-05 17:26:42,416][flwr][INFO] - 	        (3, 0.9119845684175291),
[2024-08-05 17:26:42,417][flwr][INFO] - 	        (4, 0.9265653255187081),
[2024-08-05 17:26:42,417][flwr][INFO] - 	        (5, 0.9253002092010655),
[2024-08-05 17:26:42,418][flwr][INFO] - 	        (6, 0.9201259445967825),
[2024-08-05 17:26:42,419][flwr][INFO] - 	        (7, 0.8905373084363442),
[2024-08-05 17:26:42,420][flwr][INFO] - 	        (8, 0.900797125530312),
[2024-08-05 17:26:42,420][flwr][INFO] - 	        (9, 0.9071899321429612),
[2024-08-05 17:26:42,421][flwr][INFO] - 	        (10, 0.8945461962607469)],
[2024-08-05 17:26:42,422][flwr][INFO] - 	 'precision': [(0, 0.08184587102884604),
[2024-08-05 17:26:42,422][flwr][INFO] - 	               (1, 0.7776602220079274),
[2024-08-05 17:26:42,423][flwr][INFO] - 	               (2, 0.8952832418399638),
[2024-08-05 17:26:42,424][flwr][INFO] - 	               (3, 0.9157012252576866),
[2024-08-05 17:26:42,424][flwr][INFO] - 	               (4, 0.9303458687349181),
[2024-08-05 17:26:42,425][flwr][INFO] - 	               (5, 0.9304039935982666),
[2024-08-05 17:26:42,425][flwr][INFO] - 	               (6, 0.9249352585665567),
[2024-08-05 17:26:42,427][flwr][INFO] - 	               (7, 0.9043050466502129),
[2024-08-05 17:26:42,428][flwr][INFO] - 	               (8, 0.9121321167283151),
[2024-08-05 17:26:42,429][flwr][INFO] - 	               (9, 0.9172012203267562),
[2024-08-05 17:26:42,430][flwr][INFO] - 	               (10, 0.9068235104601652)],
[2024-08-05 17:26:42,430][flwr][INFO] - 	 'recall': [(0, 0.0972),
[2024-08-05 17:26:42,431][flwr][INFO] - 	            (1, 0.584),
[2024-08-05 17:26:42,432][flwr][INFO] - 	            (2, 0.8869),
[2024-08-05 17:26:42,433][flwr][INFO] - 	            (3, 0.9114),
[2024-08-05 17:26:42,433][flwr][INFO] - 	            (4, 0.9259),
[2024-08-05 17:26:42,434][flwr][INFO] - 	            (5, 0.9241),
[2024-08-05 17:26:42,434][flwr][INFO] - 	            (6, 0.9189),
[2024-08-05 17:26:42,435][flwr][INFO] - 	            (7, 0.8891),
[2024-08-05 17:26:42,435][flwr][INFO] - 	            (8, 0.8998),
[2024-08-05 17:26:42,435][flwr][INFO] - 	            (9, 0.9059),
[2024-08-05 17:26:42,437][flwr][INFO] - 	            (10, 0.8944)]}
[2024-08-05 17:26:42,438][flwr][INFO] - 
